{"/Users/tomr/Shared/dev/github/HarnMaster-3-FoundryVTT/lib/some-lib/some-lib.min.js": {"path":"/Users/tomr/Shared/dev/github/HarnMaster-3-FoundryVTT/lib/some-lib/some-lib.min.js","all":true,"statementMap":{},"s":{},"branchMap":{"0":{"type":"branch","line":1,"loc":{"start":{"line":1,"column":0},"end":{"line":1,"column":0}},"locations":[{"start":{"line":1,"column":0},"end":{"line":1,"column":0}}]}},"b":{"0":[1]},"fnMap":{"0":{"name":"(empty-report)","decl":{"start":{"line":1,"column":0},"end":{"line":1,"column":0}},"loc":{"start":{"line":1,"column":0},"end":{"line":1,"column":0}},"line":1}},"f":{"0":1}}
,"/Users/tomr/Shared/dev/github/HarnMaster-3-FoundryVTT/module/combat.js": {"path":"/Users/tomr/Shared/dev/github/HarnMaster-3-FoundryVTT/module/combat.js","all":true,"statementMap":{"0":{"start":{"line":1,"column":0},"end":{"line":1,"column":40}},"1":{"start":{"line":2,"column":0},"end":{"line":2,"column":34}},"3":{"start":{"line":4,"column":0},"end":{"line":4,"column":3}},"4":{"start":{"line":5,"column":0},"end":{"line":5,"column":30}},"5":{"start":{"line":6,"column":0},"end":{"line":6,"column":3}},"6":{"start":{"line":7,"column":0},"end":{"line":7,"column":86}},"7":{"start":{"line":8,"column":0},"end":{"line":8,"column":85}},"8":{"start":{"line":9,"column":0},"end":{"line":9,"column":49}},"9":{"start":{"line":10,"column":0},"end":{"line":10,"column":3}},"10":{"start":{"line":11,"column":0},"end":{"line":11,"column":90}},"11":{"start":{"line":12,"column":0},"end":{"line":12,"column":3}},"12":{"start":{"line":13,"column":0},"end":{"line":13,"column":58}},"13":{"start":{"line":14,"column":0},"end":{"line":14,"column":58}},"14":{"start":{"line":15,"column":0},"end":{"line":15,"column":59}},"15":{"start":{"line":16,"column":0},"end":{"line":16,"column":3}},"16":{"start":{"line":17,"column":0},"end":{"line":17,"column":76}},"17":{"start":{"line":18,"column":0},"end":{"line":18,"column":23}},"18":{"start":{"line":19,"column":0},"end":{"line":19,"column":63}},"19":{"start":{"line":20,"column":0},"end":{"line":20,"column":20}},"20":{"start":{"line":21,"column":0},"end":{"line":21,"column":5}},"22":{"start":{"line":23,"column":0},"end":{"line":23,"column":37}},"23":{"start":{"line":24,"column":0},"end":{"line":24,"column":58}},"24":{"start":{"line":25,"column":0},"end":{"line":25,"column":86}},"25":{"start":{"line":26,"column":0},"end":{"line":26,"column":20}},"26":{"start":{"line":27,"column":0},"end":{"line":27,"column":5}},"27":{"start":{"line":28,"column":0},"end":{"line":28,"column":4}},"28":{"start":{"line":29,"column":0},"end":{"line":29,"column":4}},"29":{"start":{"line":30,"column":0},"end":{"line":30,"column":23}},"30":{"start":{"line":31,"column":0},"end":{"line":31,"column":63}},"31":{"start":{"line":32,"column":0},"end":{"line":32,"column":20}},"32":{"start":{"line":33,"column":0},"end":{"line":33,"column":5}},"34":{"start":{"line":35,"column":0},"end":{"line":35,"column":37}},"35":{"start":{"line":36,"column":0},"end":{"line":36,"column":60}},"36":{"start":{"line":37,"column":0},"end":{"line":37,"column":86}},"37":{"start":{"line":38,"column":0},"end":{"line":38,"column":20}},"38":{"start":{"line":39,"column":0},"end":{"line":39,"column":5}},"41":{"start":{"line":42,"column":0},"end":{"line":42,"column":31}},"42":{"start":{"line":43,"column":0},"end":{"line":43,"column":110}},"43":{"start":{"line":44,"column":0},"end":{"line":44,"column":20}},"44":{"start":{"line":45,"column":0},"end":{"line":45,"column":5}},"46":{"start":{"line":47,"column":0},"end":{"line":47,"column":74}},"47":{"start":{"line":48,"column":0},"end":{"line":48,"column":58}},"49":{"start":{"line":50,"column":0},"end":{"line":50,"column":21}},"50":{"start":{"line":51,"column":0},"end":{"line":51,"column":24}},"51":{"start":{"line":52,"column":0},"end":{"line":52,"column":23}},"52":{"start":{"line":53,"column":0},"end":{"line":53,"column":39}},"53":{"start":{"line":54,"column":0},"end":{"line":54,"column":38}},"54":{"start":{"line":55,"column":0},"end":{"line":55,"column":6}},"56":{"start":{"line":57,"column":0},"end":{"line":57,"column":50}},"57":{"start":{"line":58,"column":0},"end":{"line":58,"column":22}},"58":{"start":{"line":59,"column":0},"end":{"line":59,"column":44}},"59":{"start":{"line":60,"column":0},"end":{"line":60,"column":44}},"60":{"start":{"line":61,"column":0},"end":{"line":61,"column":16}},"61":{"start":{"line":62,"column":0},"end":{"line":62,"column":73}},"62":{"start":{"line":63,"column":0},"end":{"line":63,"column":24}},"63":{"start":{"line":64,"column":0},"end":{"line":64,"column":9}},"64":{"start":{"line":65,"column":0},"end":{"line":65,"column":12}},"65":{"start":{"line":66,"column":0},"end":{"line":66,"column":75}},"66":{"start":{"line":67,"column":0},"end":{"line":67,"column":20}},"67":{"start":{"line":68,"column":0},"end":{"line":68,"column":5}},"69":{"start":{"line":70,"column":0},"end":{"line":70,"column":53}},"71":{"start":{"line":72,"column":0},"end":{"line":72,"column":60}},"72":{"start":{"line":73,"column":0},"end":{"line":73,"column":35}},"74":{"start":{"line":75,"column":0},"end":{"line":75,"column":23}},"75":{"start":{"line":76,"column":0},"end":{"line":76,"column":42}},"76":{"start":{"line":77,"column":0},"end":{"line":77,"column":5}},"78":{"start":{"line":79,"column":0},"end":{"line":79,"column":75}},"79":{"start":{"line":80,"column":0},"end":{"line":80,"column":47}},"80":{"start":{"line":81,"column":0},"end":{"line":81,"column":85}},"81":{"start":{"line":82,"column":0},"end":{"line":82,"column":24}},"82":{"start":{"line":83,"column":0},"end":{"line":83,"column":9}},"84":{"start":{"line":85,"column":0},"end":{"line":85,"column":65}},"85":{"start":{"line":86,"column":0},"end":{"line":86,"column":74}},"86":{"start":{"line":87,"column":0},"end":{"line":87,"column":5}},"88":{"start":{"line":89,"column":0},"end":{"line":89,"column":117}},"90":{"start":{"line":91,"column":0},"end":{"line":91,"column":31}},"91":{"start":{"line":92,"column":0},"end":{"line":92,"column":71}},"93":{"start":{"line":94,"column":0},"end":{"line":94,"column":30}},"94":{"start":{"line":95,"column":0},"end":{"line":95,"column":52}},"95":{"start":{"line":96,"column":0},"end":{"line":96,"column":35}},"96":{"start":{"line":97,"column":0},"end":{"line":97,"column":35}},"97":{"start":{"line":98,"column":0},"end":{"line":98,"column":35}},"98":{"start":{"line":99,"column":0},"end":{"line":99,"column":35}},"99":{"start":{"line":100,"column":0},"end":{"line":100,"column":30}},"100":{"start":{"line":101,"column":0},"end":{"line":101,"column":37}},"101":{"start":{"line":102,"column":0},"end":{"line":102,"column":38}},"102":{"start":{"line":103,"column":0},"end":{"line":103,"column":62}},"103":{"start":{"line":104,"column":0},"end":{"line":104,"column":57}},"104":{"start":{"line":105,"column":0},"end":{"line":105,"column":58}},"105":{"start":{"line":106,"column":0},"end":{"line":106,"column":25}},"106":{"start":{"line":107,"column":0},"end":{"line":107,"column":30}},"107":{"start":{"line":108,"column":0},"end":{"line":108,"column":36}},"108":{"start":{"line":109,"column":0},"end":{"line":109,"column":61}},"109":{"start":{"line":110,"column":0},"end":{"line":110,"column":62}},"110":{"start":{"line":111,"column":0},"end":{"line":111,"column":55}},"111":{"start":{"line":112,"column":0},"end":{"line":112,"column":23}},"112":{"start":{"line":113,"column":0},"end":{"line":113,"column":42}},"113":{"start":{"line":114,"column":0},"end":{"line":114,"column":23}},"114":{"start":{"line":115,"column":0},"end":{"line":115,"column":23}},"115":{"start":{"line":116,"column":0},"end":{"line":116,"column":32}},"116":{"start":{"line":117,"column":0},"end":{"line":117,"column":24}},"117":{"start":{"line":118,"column":0},"end":{"line":118,"column":44}},"118":{"start":{"line":119,"column":0},"end":{"line":119,"column":6}},"120":{"start":{"line":121,"column":0},"end":{"line":121,"column":70}},"122":{"start":{"line":123,"column":0},"end":{"line":123,"column":25}},"123":{"start":{"line":124,"column":0},"end":{"line":124,"column":27}},"124":{"start":{"line":125,"column":0},"end":{"line":125,"column":25}},"125":{"start":{"line":126,"column":0},"end":{"line":126,"column":29}},"126":{"start":{"line":127,"column":0},"end":{"line":127,"column":44}},"127":{"start":{"line":128,"column":0},"end":{"line":128,"column":6}},"129":{"start":{"line":130,"column":0},"end":{"line":130,"column":30}},"131":{"start":{"line":132,"column":0},"end":{"line":132,"column":28}},"132":{"start":{"line":133,"column":0},"end":{"line":133,"column":58}},"133":{"start":{"line":134,"column":0},"end":{"line":134,"column":50}},"134":{"start":{"line":135,"column":0},"end":{"line":135,"column":87}},"135":{"start":{"line":136,"column":0},"end":{"line":136,"column":5}},"137":{"start":{"line":138,"column":0},"end":{"line":138,"column":28}},"138":{"start":{"line":139,"column":0},"end":{"line":139,"column":1}},"140":{"start":{"line":141,"column":0},"end":{"line":141,"column":3}},"141":{"start":{"line":142,"column":0},"end":{"line":142,"column":28}},"142":{"start":{"line":143,"column":0},"end":{"line":143,"column":3}},"143":{"start":{"line":144,"column":0},"end":{"line":144,"column":84}},"144":{"start":{"line":145,"column":0},"end":{"line":145,"column":83}},"145":{"start":{"line":146,"column":0},"end":{"line":146,"column":49}},"146":{"start":{"line":147,"column":0},"end":{"line":147,"column":3}},"147":{"start":{"line":148,"column":0},"end":{"line":148,"column":90}},"148":{"start":{"line":149,"column":0},"end":{"line":149,"column":3}},"149":{"start":{"line":150,"column":0},"end":{"line":150,"column":58}},"150":{"start":{"line":151,"column":0},"end":{"line":151,"column":58}},"151":{"start":{"line":152,"column":0},"end":{"line":152,"column":57}},"152":{"start":{"line":153,"column":0},"end":{"line":153,"column":3}},"153":{"start":{"line":154,"column":0},"end":{"line":154,"column":78}},"154":{"start":{"line":155,"column":0},"end":{"line":155,"column":23}},"155":{"start":{"line":156,"column":0},"end":{"line":156,"column":63}},"156":{"start":{"line":157,"column":0},"end":{"line":157,"column":20}},"157":{"start":{"line":158,"column":0},"end":{"line":158,"column":5}},"159":{"start":{"line":160,"column":0},"end":{"line":160,"column":37}},"160":{"start":{"line":161,"column":0},"end":{"line":161,"column":84}},"161":{"start":{"line":162,"column":0},"end":{"line":162,"column":20}},"162":{"start":{"line":163,"column":0},"end":{"line":163,"column":5}},"163":{"start":{"line":164,"column":0},"end":{"line":164,"column":4}},"164":{"start":{"line":165,"column":0},"end":{"line":165,"column":4}},"165":{"start":{"line":166,"column":0},"end":{"line":166,"column":23}},"166":{"start":{"line":167,"column":0},"end":{"line":167,"column":63}},"167":{"start":{"line":168,"column":0},"end":{"line":168,"column":20}},"168":{"start":{"line":169,"column":0},"end":{"line":169,"column":5}},"170":{"start":{"line":171,"column":0},"end":{"line":171,"column":37}},"171":{"start":{"line":172,"column":0},"end":{"line":172,"column":84}},"172":{"start":{"line":173,"column":0},"end":{"line":173,"column":20}},"173":{"start":{"line":174,"column":0},"end":{"line":174,"column":5}},"175":{"start":{"line":176,"column":0},"end":{"line":176,"column":31}},"176":{"start":{"line":177,"column":0},"end":{"line":177,"column":110}},"177":{"start":{"line":178,"column":0},"end":{"line":178,"column":20}},"178":{"start":{"line":179,"column":0},"end":{"line":179,"column":5}},"180":{"start":{"line":181,"column":0},"end":{"line":181,"column":70}},"181":{"start":{"line":182,"column":0},"end":{"line":182,"column":26}},"182":{"start":{"line":183,"column":0},"end":{"line":183,"column":131}},"183":{"start":{"line":184,"column":0},"end":{"line":184,"column":26}},"184":{"start":{"line":185,"column":0},"end":{"line":185,"column":35}},"185":{"start":{"line":186,"column":0},"end":{"line":186,"column":20}},"186":{"start":{"line":187,"column":0},"end":{"line":187,"column":5}},"188":{"start":{"line":189,"column":0},"end":{"line":189,"column":74}},"190":{"start":{"line":191,"column":0},"end":{"line":191,"column":55}},"191":{"start":{"line":192,"column":0},"end":{"line":192,"column":21}},"192":{"start":{"line":193,"column":0},"end":{"line":193,"column":23}},"193":{"start":{"line":194,"column":0},"end":{"line":194,"column":39}},"194":{"start":{"line":195,"column":0},"end":{"line":195,"column":38}},"195":{"start":{"line":196,"column":0},"end":{"line":196,"column":5}},"197":{"start":{"line":198,"column":0},"end":{"line":198,"column":50}},"198":{"start":{"line":199,"column":0},"end":{"line":199,"column":21}},"199":{"start":{"line":200,"column":0},"end":{"line":200,"column":43}},"200":{"start":{"line":201,"column":0},"end":{"line":201,"column":43}},"201":{"start":{"line":202,"column":0},"end":{"line":202,"column":16}},"202":{"start":{"line":203,"column":0},"end":{"line":203,"column":96}},"203":{"start":{"line":204,"column":0},"end":{"line":204,"column":24}},"204":{"start":{"line":205,"column":0},"end":{"line":205,"column":9}},"205":{"start":{"line":206,"column":0},"end":{"line":206,"column":12}},"206":{"start":{"line":207,"column":0},"end":{"line":207,"column":56}},"207":{"start":{"line":208,"column":0},"end":{"line":208,"column":58}},"208":{"start":{"line":209,"column":0},"end":{"line":209,"column":99}},"209":{"start":{"line":210,"column":0},"end":{"line":210,"column":24}},"210":{"start":{"line":211,"column":0},"end":{"line":211,"column":9}},"211":{"start":{"line":212,"column":0},"end":{"line":212,"column":45}},"212":{"start":{"line":213,"column":0},"end":{"line":213,"column":57}},"213":{"start":{"line":214,"column":0},"end":{"line":214,"column":5}},"215":{"start":{"line":216,"column":0},"end":{"line":216,"column":53}},"217":{"start":{"line":218,"column":0},"end":{"line":218,"column":60}},"218":{"start":{"line":219,"column":0},"end":{"line":219,"column":35}},"220":{"start":{"line":221,"column":0},"end":{"line":221,"column":22}},"221":{"start":{"line":222,"column":0},"end":{"line":222,"column":41}},"222":{"start":{"line":223,"column":0},"end":{"line":223,"column":5}},"223":{"start":{"line":224,"column":0},"end":{"line":224,"column":4}},"224":{"start":{"line":225,"column":0},"end":{"line":225,"column":93}},"226":{"start":{"line":227,"column":0},"end":{"line":227,"column":31}},"227":{"start":{"line":228,"column":0},"end":{"line":228,"column":71}},"229":{"start":{"line":230,"column":0},"end":{"line":230,"column":30}},"230":{"start":{"line":231,"column":0},"end":{"line":231,"column":49}},"231":{"start":{"line":232,"column":0},"end":{"line":232,"column":35}},"232":{"start":{"line":233,"column":0},"end":{"line":233,"column":35}},"233":{"start":{"line":234,"column":0},"end":{"line":234,"column":35}},"234":{"start":{"line":235,"column":0},"end":{"line":235,"column":35}},"235":{"start":{"line":236,"column":0},"end":{"line":236,"column":28}},"236":{"start":{"line":237,"column":0},"end":{"line":237,"column":36}},"237":{"start":{"line":238,"column":0},"end":{"line":238,"column":30}},"238":{"start":{"line":239,"column":0},"end":{"line":239,"column":36}},"239":{"start":{"line":240,"column":0},"end":{"line":240,"column":61}},"240":{"start":{"line":241,"column":0},"end":{"line":241,"column":62}},"241":{"start":{"line":242,"column":0},"end":{"line":242,"column":54}},"242":{"start":{"line":243,"column":0},"end":{"line":243,"column":23}},"243":{"start":{"line":244,"column":0},"end":{"line":244,"column":42}},"244":{"start":{"line":245,"column":0},"end":{"line":245,"column":23}},"245":{"start":{"line":246,"column":0},"end":{"line":246,"column":23}},"246":{"start":{"line":247,"column":0},"end":{"line":247,"column":31}},"247":{"start":{"line":248,"column":0},"end":{"line":248,"column":24}},"248":{"start":{"line":249,"column":0},"end":{"line":249,"column":44}},"249":{"start":{"line":250,"column":0},"end":{"line":250,"column":6}},"251":{"start":{"line":252,"column":0},"end":{"line":252,"column":70}},"253":{"start":{"line":254,"column":0},"end":{"line":254,"column":25}},"254":{"start":{"line":255,"column":0},"end":{"line":255,"column":27}},"255":{"start":{"line":256,"column":0},"end":{"line":256,"column":25}},"256":{"start":{"line":257,"column":0},"end":{"line":257,"column":29}},"257":{"start":{"line":258,"column":0},"end":{"line":258,"column":44}},"258":{"start":{"line":259,"column":0},"end":{"line":259,"column":6}},"260":{"start":{"line":261,"column":0},"end":{"line":261,"column":30}},"262":{"start":{"line":263,"column":0},"end":{"line":263,"column":28}},"263":{"start":{"line":264,"column":0},"end":{"line":264,"column":58}},"264":{"start":{"line":265,"column":0},"end":{"line":265,"column":50}},"265":{"start":{"line":266,"column":0},"end":{"line":266,"column":87}},"266":{"start":{"line":267,"column":0},"end":{"line":267,"column":5}},"268":{"start":{"line":269,"column":0},"end":{"line":269,"column":28}},"269":{"start":{"line":270,"column":0},"end":{"line":270,"column":1}},"271":{"start":{"line":272,"column":0},"end":{"line":272,"column":3}},"272":{"start":{"line":273,"column":0},"end":{"line":273,"column":80}},"273":{"start":{"line":274,"column":0},"end":{"line":274,"column":3}},"274":{"start":{"line":275,"column":0},"end":{"line":275,"column":11}},"275":{"start":{"line":276,"column":0},"end":{"line":276,"column":52}},"276":{"start":{"line":277,"column":0},"end":{"line":277,"column":68}},"277":{"start":{"line":278,"column":0},"end":{"line":278,"column":47}},"278":{"start":{"line":279,"column":0},"end":{"line":279,"column":72}},"279":{"start":{"line":280,"column":0},"end":{"line":280,"column":3}},"280":{"start":{"line":281,"column":0},"end":{"line":281,"column":27}},"281":{"start":{"line":282,"column":0},"end":{"line":282,"column":3}},"282":{"start":{"line":283,"column":0},"end":{"line":283,"column":44}},"283":{"start":{"line":284,"column":0},"end":{"line":284,"column":84}},"285":{"start":{"line":286,"column":0},"end":{"line":286,"column":27}},"286":{"start":{"line":287,"column":0},"end":{"line":287,"column":46}},"287":{"start":{"line":288,"column":0},"end":{"line":288,"column":6}},"288":{"start":{"line":289,"column":0},"end":{"line":289,"column":61}},"289":{"start":{"line":290,"column":0},"end":{"line":290,"column":56}},"290":{"start":{"line":291,"column":0},"end":{"line":291,"column":65}},"291":{"start":{"line":292,"column":0},"end":{"line":292,"column":31}},"292":{"start":{"line":293,"column":0},"end":{"line":293,"column":58}},"293":{"start":{"line":294,"column":0},"end":{"line":294,"column":5}},"294":{"start":{"line":295,"column":0},"end":{"line":295,"column":89}},"295":{"start":{"line":296,"column":0},"end":{"line":296,"column":4}},"296":{"start":{"line":297,"column":0},"end":{"line":297,"column":75}},"298":{"start":{"line":299,"column":0},"end":{"line":299,"column":26}},"299":{"start":{"line":300,"column":0},"end":{"line":300,"column":26}},"300":{"start":{"line":301,"column":0},"end":{"line":301,"column":35}},"301":{"start":{"line":302,"column":0},"end":{"line":302,"column":32}},"302":{"start":{"line":303,"column":0},"end":{"line":303,"column":20}},"303":{"start":{"line":304,"column":0},"end":{"line":304,"column":27}},"304":{"start":{"line":305,"column":0},"end":{"line":305,"column":55}},"305":{"start":{"line":306,"column":0},"end":{"line":306,"column":95}},"306":{"start":{"line":307,"column":0},"end":{"line":307,"column":49}},"308":{"start":{"line":309,"column":0},"end":{"line":309,"column":72}},"309":{"start":{"line":310,"column":0},"end":{"line":310,"column":9}},"310":{"start":{"line":311,"column":0},"end":{"line":311,"column":7}},"312":{"start":{"line":313,"column":0},"end":{"line":313,"column":1}},"314":{"start":{"line":315,"column":0},"end":{"line":315,"column":3}},"315":{"start":{"line":316,"column":0},"end":{"line":316,"column":88}},"316":{"start":{"line":317,"column":0},"end":{"line":317,"column":3}},"317":{"start":{"line":318,"column":0},"end":{"line":318,"column":26}},"318":{"start":{"line":319,"column":0},"end":{"line":319,"column":50}},"319":{"start":{"line":320,"column":0},"end":{"line":320,"column":50}},"320":{"start":{"line":321,"column":0},"end":{"line":321,"column":75}},"321":{"start":{"line":322,"column":0},"end":{"line":322,"column":70}},"322":{"start":{"line":323,"column":0},"end":{"line":323,"column":90}},"323":{"start":{"line":324,"column":0},"end":{"line":324,"column":62}},"324":{"start":{"line":325,"column":0},"end":{"line":325,"column":48}},"325":{"start":{"line":326,"column":0},"end":{"line":326,"column":3}},"326":{"start":{"line":327,"column":0},"end":{"line":327,"column":62}},"327":{"start":{"line":328,"column":0},"end":{"line":328,"column":83}},"328":{"start":{"line":329,"column":0},"end":{"line":329,"column":59}},"329":{"start":{"line":330,"column":0},"end":{"line":330,"column":57}},"330":{"start":{"line":331,"column":0},"end":{"line":331,"column":60}},"331":{"start":{"line":332,"column":0},"end":{"line":332,"column":74}},"332":{"start":{"line":333,"column":0},"end":{"line":333,"column":91}},"333":{"start":{"line":334,"column":0},"end":{"line":334,"column":80}},"334":{"start":{"line":335,"column":0},"end":{"line":335,"column":3}},"335":{"start":{"line":336,"column":0},"end":{"line":336,"column":27}},"336":{"start":{"line":337,"column":0},"end":{"line":337,"column":3}},"337":{"start":{"line":338,"column":0},"end":{"line":338,"column":38}},"338":{"start":{"line":339,"column":0},"end":{"line":339,"column":26}},"339":{"start":{"line":340,"column":0},"end":{"line":340,"column":81}},"340":{"start":{"line":341,"column":0},"end":{"line":341,"column":42}},"341":{"start":{"line":342,"column":0},"end":{"line":342,"column":5}},"343":{"start":{"line":344,"column":0},"end":{"line":344,"column":71}},"344":{"start":{"line":345,"column":0},"end":{"line":345,"column":44}},"345":{"start":{"line":346,"column":0},"end":{"line":346,"column":57}},"347":{"start":{"line":348,"column":0},"end":{"line":348,"column":89}},"348":{"start":{"line":349,"column":0},"end":{"line":349,"column":5}},"350":{"start":{"line":351,"column":0},"end":{"line":351,"column":26}},"351":{"start":{"line":352,"column":0},"end":{"line":352,"column":95}},"352":{"start":{"line":353,"column":0},"end":{"line":353,"column":20}},"353":{"start":{"line":354,"column":0},"end":{"line":354,"column":5}},"355":{"start":{"line":356,"column":0},"end":{"line":356,"column":27}},"356":{"start":{"line":357,"column":0},"end":{"line":357,"column":36}},"357":{"start":{"line":358,"column":0},"end":{"line":358,"column":45}},"358":{"start":{"line":359,"column":0},"end":{"line":359,"column":26}},"359":{"start":{"line":360,"column":0},"end":{"line":360,"column":53}},"360":{"start":{"line":361,"column":0},"end":{"line":361,"column":6}},"362":{"start":{"line":363,"column":0},"end":{"line":363,"column":47}},"363":{"start":{"line":364,"column":0},"end":{"line":364,"column":83}},"364":{"start":{"line":365,"column":0},"end":{"line":365,"column":62}},"365":{"start":{"line":366,"column":0},"end":{"line":366,"column":97}},"366":{"start":{"line":367,"column":0},"end":{"line":367,"column":63}},"367":{"start":{"line":368,"column":0},"end":{"line":368,"column":55}},"368":{"start":{"line":369,"column":0},"end":{"line":369,"column":84}},"370":{"start":{"line":371,"column":0},"end":{"line":371,"column":49}},"372":{"start":{"line":373,"column":0},"end":{"line":373,"column":52}},"373":{"start":{"line":374,"column":0},"end":{"line":374,"column":35}},"374":{"start":{"line":375,"column":0},"end":{"line":375,"column":60}},"375":{"start":{"line":376,"column":0},"end":{"line":376,"column":62}},"377":{"start":{"line":378,"column":0},"end":{"line":378,"column":62}},"378":{"start":{"line":379,"column":0},"end":{"line":379,"column":65}},"379":{"start":{"line":380,"column":0},"end":{"line":380,"column":59}},"380":{"start":{"line":381,"column":0},"end":{"line":381,"column":68}},"381":{"start":{"line":382,"column":0},"end":{"line":382,"column":34}},"382":{"start":{"line":383,"column":0},"end":{"line":383,"column":66}},"383":{"start":{"line":384,"column":0},"end":{"line":384,"column":68}},"384":{"start":{"line":385,"column":0},"end":{"line":385,"column":64}},"385":{"start":{"line":386,"column":0},"end":{"line":386,"column":70}},"386":{"start":{"line":387,"column":0},"end":{"line":387,"column":50}},"388":{"start":{"line":389,"column":0},"end":{"line":389,"column":38}},"389":{"start":{"line":390,"column":0},"end":{"line":390,"column":31}},"390":{"start":{"line":391,"column":0},"end":{"line":391,"column":54}},"391":{"start":{"line":392,"column":0},"end":{"line":392,"column":61}},"392":{"start":{"line":393,"column":0},"end":{"line":393,"column":55}},"393":{"start":{"line":394,"column":0},"end":{"line":394,"column":69}},"394":{"start":{"line":395,"column":0},"end":{"line":395,"column":56}},"395":{"start":{"line":396,"column":0},"end":{"line":396,"column":67}},"396":{"start":{"line":397,"column":0},"end":{"line":397,"column":54}},"397":{"start":{"line":398,"column":0},"end":{"line":398,"column":70}},"398":{"start":{"line":399,"column":0},"end":{"line":399,"column":57}},"399":{"start":{"line":400,"column":0},"end":{"line":400,"column":20}},"400":{"start":{"line":401,"column":0},"end":{"line":401,"column":57}},"401":{"start":{"line":402,"column":0},"end":{"line":402,"column":57}},"402":{"start":{"line":403,"column":0},"end":{"line":403,"column":13}},"403":{"start":{"line":404,"column":0},"end":{"line":404,"column":16}},"404":{"start":{"line":405,"column":0},"end":{"line":405,"column":67}},"405":{"start":{"line":406,"column":0},"end":{"line":406,"column":53}},"406":{"start":{"line":407,"column":0},"end":{"line":407,"column":9}},"407":{"start":{"line":408,"column":0},"end":{"line":408,"column":12}},"408":{"start":{"line":409,"column":0},"end":{"line":409,"column":25}},"409":{"start":{"line":410,"column":0},"end":{"line":410,"column":20}},"410":{"start":{"line":411,"column":0},"end":{"line":411,"column":5}},"412":{"start":{"line":413,"column":0},"end":{"line":413,"column":124}},"414":{"start":{"line":415,"column":0},"end":{"line":415,"column":83}},"415":{"start":{"line":416,"column":0},"end":{"line":416,"column":78}},"417":{"start":{"line":418,"column":0},"end":{"line":418,"column":29}},"418":{"start":{"line":419,"column":0},"end":{"line":419,"column":26}},"419":{"start":{"line":420,"column":0},"end":{"line":420,"column":35}},"420":{"start":{"line":421,"column":0},"end":{"line":421,"column":32}},"421":{"start":{"line":422,"column":0},"end":{"line":422,"column":28}},"422":{"start":{"line":423,"column":0},"end":{"line":423,"column":27}},"423":{"start":{"line":424,"column":0},"end":{"line":424,"column":55}},"424":{"start":{"line":425,"column":0},"end":{"line":425,"column":67}},"426":{"start":{"line":427,"column":0},"end":{"line":427,"column":94}},"427":{"start":{"line":428,"column":0},"end":{"line":428,"column":54}},"428":{"start":{"line":429,"column":0},"end":{"line":429,"column":28}},"429":{"start":{"line":430,"column":0},"end":{"line":430,"column":39}},"430":{"start":{"line":431,"column":0},"end":{"line":431,"column":75}},"431":{"start":{"line":432,"column":0},"end":{"line":432,"column":54}},"432":{"start":{"line":433,"column":0},"end":{"line":433,"column":88}},"433":{"start":{"line":434,"column":0},"end":{"line":434,"column":33}},"434":{"start":{"line":435,"column":0},"end":{"line":435,"column":71}},"435":{"start":{"line":436,"column":0},"end":{"line":436,"column":28}},"436":{"start":{"line":437,"column":0},"end":{"line":437,"column":14}},"438":{"start":{"line":439,"column":0},"end":{"line":439,"column":28}},"439":{"start":{"line":440,"column":0},"end":{"line":440,"column":85}},"440":{"start":{"line":441,"column":0},"end":{"line":441,"column":52}},"441":{"start":{"line":442,"column":0},"end":{"line":442,"column":43}},"442":{"start":{"line":443,"column":0},"end":{"line":443,"column":40}},"443":{"start":{"line":444,"column":0},"end":{"line":444,"column":60}},"444":{"start":{"line":445,"column":0},"end":{"line":445,"column":44}},"445":{"start":{"line":446,"column":0},"end":{"line":446,"column":42}},"446":{"start":{"line":447,"column":0},"end":{"line":447,"column":58}},"447":{"start":{"line":448,"column":0},"end":{"line":448,"column":42}},"448":{"start":{"line":449,"column":0},"end":{"line":449,"column":42}},"449":{"start":{"line":450,"column":0},"end":{"line":450,"column":24}},"450":{"start":{"line":451,"column":0},"end":{"line":451,"column":45}},"451":{"start":{"line":452,"column":0},"end":{"line":452,"column":42}},"452":{"start":{"line":453,"column":0},"end":{"line":453,"column":17}},"453":{"start":{"line":454,"column":0},"end":{"line":454,"column":72}},"454":{"start":{"line":455,"column":0},"end":{"line":455,"column":20}},"455":{"start":{"line":456,"column":0},"end":{"line":456,"column":74}},"456":{"start":{"line":457,"column":0},"end":{"line":457,"column":77}},"457":{"start":{"line":458,"column":0},"end":{"line":458,"column":13}},"458":{"start":{"line":459,"column":0},"end":{"line":459,"column":26}},"459":{"start":{"line":460,"column":0},"end":{"line":460,"column":9}},"460":{"start":{"line":461,"column":0},"end":{"line":461,"column":7}},"461":{"start":{"line":462,"column":0},"end":{"line":462,"column":1}},"463":{"start":{"line":464,"column":0},"end":{"line":464,"column":3}},"464":{"start":{"line":465,"column":0},"end":{"line":465,"column":79}},"465":{"start":{"line":466,"column":0},"end":{"line":466,"column":3}},"466":{"start":{"line":467,"column":0},"end":{"line":467,"column":24}},"467":{"start":{"line":468,"column":0},"end":{"line":468,"column":3}},"468":{"start":{"line":469,"column":0},"end":{"line":469,"column":30}},"469":{"start":{"line":470,"column":0},"end":{"line":470,"column":17}},"470":{"start":{"line":471,"column":0},"end":{"line":471,"column":52}},"471":{"start":{"line":472,"column":0},"end":{"line":472,"column":21}},"472":{"start":{"line":473,"column":0},"end":{"line":473,"column":5}},"474":{"start":{"line":475,"column":0},"end":{"line":475,"column":23}},"475":{"start":{"line":476,"column":0},"end":{"line":476,"column":75}},"476":{"start":{"line":477,"column":0},"end":{"line":477,"column":21}},"477":{"start":{"line":478,"column":0},"end":{"line":478,"column":6}},"479":{"start":{"line":480,"column":0},"end":{"line":480,"column":63}},"480":{"start":{"line":481,"column":0},"end":{"line":481,"column":20}},"481":{"start":{"line":482,"column":0},"end":{"line":482,"column":12}},"482":{"start":{"line":483,"column":0},"end":{"line":483,"column":85}},"483":{"start":{"line":484,"column":0},"end":{"line":484,"column":21}},"484":{"start":{"line":485,"column":0},"end":{"line":485,"column":5}},"485":{"start":{"line":486,"column":0},"end":{"line":486,"column":1}},"487":{"start":{"line":488,"column":0},"end":{"line":488,"column":3}},"488":{"start":{"line":489,"column":0},"end":{"line":489,"column":58}},"489":{"start":{"line":490,"column":0},"end":{"line":490,"column":3}},"490":{"start":{"line":491,"column":0},"end":{"line":491,"column":24}},"491":{"start":{"line":492,"column":0},"end":{"line":492,"column":3}},"492":{"start":{"line":493,"column":0},"end":{"line":493,"column":36}},"493":{"start":{"line":494,"column":0},"end":{"line":494,"column":72}},"495":{"start":{"line":496,"column":0},"end":{"line":496,"column":94}},"496":{"start":{"line":497,"column":0},"end":{"line":497,"column":29}},"497":{"start":{"line":498,"column":0},"end":{"line":498,"column":37}},"498":{"start":{"line":499,"column":0},"end":{"line":499,"column":27}},"499":{"start":{"line":500,"column":0},"end":{"line":500,"column":38}},"500":{"start":{"line":501,"column":0},"end":{"line":501,"column":34}},"501":{"start":{"line":502,"column":0},"end":{"line":502,"column":78}},"502":{"start":{"line":503,"column":0},"end":{"line":503,"column":40}},"503":{"start":{"line":504,"column":0},"end":{"line":504,"column":38}},"504":{"start":{"line":505,"column":0},"end":{"line":505,"column":34}},"505":{"start":{"line":506,"column":0},"end":{"line":506,"column":13}},"506":{"start":{"line":507,"column":0},"end":{"line":507,"column":11}},"507":{"start":{"line":508,"column":0},"end":{"line":508,"column":5}},"508":{"start":{"line":509,"column":0},"end":{"line":509,"column":4}},"509":{"start":{"line":510,"column":0},"end":{"line":510,"column":12}},"510":{"start":{"line":511,"column":0},"end":{"line":511,"column":33}},"511":{"start":{"line":512,"column":0},"end":{"line":512,"column":36}},"512":{"start":{"line":513,"column":0},"end":{"line":513,"column":5}},"513":{"start":{"line":514,"column":0},"end":{"line":514,"column":1}},"515":{"start":{"line":516,"column":0},"end":{"line":516,"column":3}},"516":{"start":{"line":517,"column":0},"end":{"line":517,"column":78}},"517":{"start":{"line":518,"column":0},"end":{"line":518,"column":62}},"518":{"start":{"line":519,"column":0},"end":{"line":519,"column":3}},"519":{"start":{"line":520,"column":0},"end":{"line":520,"column":54}},"520":{"start":{"line":521,"column":0},"end":{"line":521,"column":54}},"521":{"start":{"line":522,"column":0},"end":{"line":522,"column":68}},"522":{"start":{"line":523,"column":0},"end":{"line":523,"column":104}},"523":{"start":{"line":524,"column":0},"end":{"line":524,"column":54}},"524":{"start":{"line":525,"column":0},"end":{"line":525,"column":68}},"525":{"start":{"line":526,"column":0},"end":{"line":526,"column":56}},"526":{"start":{"line":527,"column":0},"end":{"line":527,"column":3}},"527":{"start":{"line":528,"column":0},"end":{"line":528,"column":127}},"528":{"start":{"line":529,"column":0},"end":{"line":529,"column":72}},"529":{"start":{"line":530,"column":0},"end":{"line":530,"column":28}},"530":{"start":{"line":531,"column":0},"end":{"line":531,"column":110}},"531":{"start":{"line":532,"column":0},"end":{"line":532,"column":20}},"532":{"start":{"line":533,"column":0},"end":{"line":533,"column":5}},"534":{"start":{"line":535,"column":0},"end":{"line":535,"column":71}},"536":{"start":{"line":537,"column":0},"end":{"line":537,"column":37}},"537":{"start":{"line":538,"column":0},"end":{"line":538,"column":49}},"539":{"start":{"line":540,"column":0},"end":{"line":540,"column":27}},"540":{"start":{"line":541,"column":0},"end":{"line":541,"column":106}},"541":{"start":{"line":542,"column":0},"end":{"line":542,"column":20}},"542":{"start":{"line":543,"column":0},"end":{"line":543,"column":5}},"544":{"start":{"line":545,"column":0},"end":{"line":545,"column":35}},"545":{"start":{"line":546,"column":0},"end":{"line":546,"column":41}},"546":{"start":{"line":547,"column":0},"end":{"line":547,"column":41}},"548":{"start":{"line":549,"column":0},"end":{"line":549,"column":55}},"549":{"start":{"line":550,"column":0},"end":{"line":550,"column":92}},"550":{"start":{"line":551,"column":0},"end":{"line":551,"column":5}},"552":{"start":{"line":553,"column":0},"end":{"line":553,"column":55}},"553":{"start":{"line":554,"column":0},"end":{"line":554,"column":37}},"555":{"start":{"line":556,"column":0},"end":{"line":556,"column":29}},"556":{"start":{"line":557,"column":0},"end":{"line":557,"column":44}},"557":{"start":{"line":558,"column":0},"end":{"line":558,"column":17}},"558":{"start":{"line":559,"column":0},"end":{"line":559,"column":23}},"559":{"start":{"line":560,"column":0},"end":{"line":560,"column":19}},"560":{"start":{"line":561,"column":0},"end":{"line":561,"column":20}},"561":{"start":{"line":562,"column":0},"end":{"line":562,"column":25}},"562":{"start":{"line":563,"column":0},"end":{"line":563,"column":7}},"564":{"start":{"line":565,"column":0},"end":{"line":565,"column":69}},"566":{"start":{"line":567,"column":0},"end":{"line":567,"column":32}},"567":{"start":{"line":568,"column":0},"end":{"line":568,"column":43}},"568":{"start":{"line":569,"column":0},"end":{"line":569,"column":17}},"569":{"start":{"line":570,"column":0},"end":{"line":570,"column":23}},"570":{"start":{"line":571,"column":0},"end":{"line":571,"column":19}},"571":{"start":{"line":572,"column":0},"end":{"line":572,"column":46}},"572":{"start":{"line":573,"column":0},"end":{"line":573,"column":24}},"573":{"start":{"line":574,"column":0},"end":{"line":574,"column":7}},"575":{"start":{"line":576,"column":0},"end":{"line":576,"column":56}},"576":{"start":{"line":577,"column":0},"end":{"line":577,"column":22}},"577":{"start":{"line":578,"column":0},"end":{"line":578,"column":38}},"578":{"start":{"line":579,"column":0},"end":{"line":579,"column":56}},"579":{"start":{"line":580,"column":0},"end":{"line":580,"column":62}},"581":{"start":{"line":582,"column":0},"end":{"line":582,"column":37}},"582":{"start":{"line":583,"column":0},"end":{"line":583,"column":53}},"583":{"start":{"line":584,"column":0},"end":{"line":584,"column":62}},"584":{"start":{"line":585,"column":0},"end":{"line":585,"column":5}},"586":{"start":{"line":587,"column":0},"end":{"line":587,"column":82}},"587":{"start":{"line":588,"column":0},"end":{"line":588,"column":80}},"588":{"start":{"line":589,"column":0},"end":{"line":589,"column":81}},"589":{"start":{"line":590,"column":0},"end":{"line":590,"column":48}},"591":{"start":{"line":592,"column":0},"end":{"line":592,"column":68}},"592":{"start":{"line":593,"column":0},"end":{"line":593,"column":29}},"593":{"start":{"line":594,"column":0},"end":{"line":594,"column":39}},"594":{"start":{"line":595,"column":0},"end":{"line":595,"column":100}},"595":{"start":{"line":596,"column":0},"end":{"line":596,"column":5}},"596":{"start":{"line":597,"column":0},"end":{"line":597,"column":4}},"597":{"start":{"line":598,"column":0},"end":{"line":598,"column":28}},"598":{"start":{"line":599,"column":0},"end":{"line":599,"column":39}},"599":{"start":{"line":600,"column":0},"end":{"line":600,"column":99}},"600":{"start":{"line":601,"column":0},"end":{"line":601,"column":5}},"602":{"start":{"line":603,"column":0},"end":{"line":603,"column":25}},"603":{"start":{"line":604,"column":0},"end":{"line":604,"column":31}},"604":{"start":{"line":605,"column":0},"end":{"line":605,"column":32}},"605":{"start":{"line":606,"column":0},"end":{"line":606,"column":32}},"606":{"start":{"line":607,"column":0},"end":{"line":607,"column":32}},"607":{"start":{"line":608,"column":0},"end":{"line":608,"column":32}},"608":{"start":{"line":609,"column":0},"end":{"line":609,"column":36}},"609":{"start":{"line":610,"column":0},"end":{"line":610,"column":22}},"610":{"start":{"line":611,"column":0},"end":{"line":611,"column":33}},"611":{"start":{"line":612,"column":0},"end":{"line":612,"column":26}},"612":{"start":{"line":613,"column":0},"end":{"line":613,"column":18}},"613":{"start":{"line":614,"column":0},"end":{"line":614,"column":42}},"614":{"start":{"line":615,"column":0},"end":{"line":615,"column":43}},"615":{"start":{"line":616,"column":0},"end":{"line":616,"column":23}},"616":{"start":{"line":617,"column":0},"end":{"line":617,"column":26}},"617":{"start":{"line":618,"column":0},"end":{"line":618,"column":38}},"618":{"start":{"line":619,"column":0},"end":{"line":619,"column":51}},"619":{"start":{"line":620,"column":0},"end":{"line":620,"column":70}},"620":{"start":{"line":621,"column":0},"end":{"line":621,"column":35}},"621":{"start":{"line":622,"column":0},"end":{"line":622,"column":84}},"622":{"start":{"line":623,"column":0},"end":{"line":623,"column":86}},"623":{"start":{"line":624,"column":0},"end":{"line":624,"column":23}},"624":{"start":{"line":625,"column":0},"end":{"line":625,"column":29}},"625":{"start":{"line":626,"column":0},"end":{"line":626,"column":58}},"626":{"start":{"line":627,"column":0},"end":{"line":627,"column":56}},"627":{"start":{"line":628,"column":0},"end":{"line":628,"column":31}},"628":{"start":{"line":629,"column":0},"end":{"line":629,"column":30}},"629":{"start":{"line":630,"column":0},"end":{"line":630,"column":45}},"630":{"start":{"line":631,"column":0},"end":{"line":631,"column":44}},"631":{"start":{"line":632,"column":0},"end":{"line":632,"column":6}},"633":{"start":{"line":634,"column":0},"end":{"line":634,"column":24}},"634":{"start":{"line":635,"column":0},"end":{"line":635,"column":38}},"635":{"start":{"line":636,"column":0},"end":{"line":636,"column":32}},"636":{"start":{"line":637,"column":0},"end":{"line":637,"column":32}},"637":{"start":{"line":638,"column":0},"end":{"line":638,"column":32}},"638":{"start":{"line":639,"column":0},"end":{"line":639,"column":32}},"639":{"start":{"line":640,"column":0},"end":{"line":640,"column":110}},"640":{"start":{"line":641,"column":0},"end":{"line":641,"column":49}},"641":{"start":{"line":642,"column":0},"end":{"line":642,"column":22}},"642":{"start":{"line":643,"column":0},"end":{"line":643,"column":63}},"643":{"start":{"line":644,"column":0},"end":{"line":644,"column":66}},"644":{"start":{"line":645,"column":0},"end":{"line":645,"column":26}},"645":{"start":{"line":646,"column":0},"end":{"line":646,"column":55}},"646":{"start":{"line":647,"column":0},"end":{"line":647,"column":55}},"647":{"start":{"line":648,"column":0},"end":{"line":648,"column":18}},"648":{"start":{"line":649,"column":0},"end":{"line":649,"column":41}},"649":{"start":{"line":650,"column":0},"end":{"line":650,"column":42}},"650":{"start":{"line":651,"column":0},"end":{"line":651,"column":23}},"651":{"start":{"line":652,"column":0},"end":{"line":652,"column":26}},"652":{"start":{"line":653,"column":0},"end":{"line":653,"column":40}},"653":{"start":{"line":654,"column":0},"end":{"line":654,"column":51}},"654":{"start":{"line":655,"column":0},"end":{"line":655,"column":70}},"655":{"start":{"line":656,"column":0},"end":{"line":656,"column":47}},"656":{"start":{"line":657,"column":0},"end":{"line":657,"column":82}},"657":{"start":{"line":658,"column":0},"end":{"line":658,"column":96}},"658":{"start":{"line":659,"column":0},"end":{"line":659,"column":35}},"659":{"start":{"line":660,"column":0},"end":{"line":660,"column":41}},"660":{"start":{"line":661,"column":0},"end":{"line":661,"column":38}},"661":{"start":{"line":662,"column":0},"end":{"line":662,"column":58}},"662":{"start":{"line":663,"column":0},"end":{"line":663,"column":56}},"663":{"start":{"line":664,"column":0},"end":{"line":664,"column":31}},"664":{"start":{"line":665,"column":0},"end":{"line":665,"column":30}},"665":{"start":{"line":666,"column":0},"end":{"line":666,"column":45}},"666":{"start":{"line":667,"column":0},"end":{"line":667,"column":44}},"667":{"start":{"line":668,"column":0},"end":{"line":668,"column":5}},"669":{"start":{"line":670,"column":0},"end":{"line":670,"column":76}},"671":{"start":{"line":672,"column":0},"end":{"line":672,"column":59}},"672":{"start":{"line":673,"column":0},"end":{"line":673,"column":21}},"673":{"start":{"line":674,"column":0},"end":{"line":674,"column":60}},"674":{"start":{"line":675,"column":0},"end":{"line":675,"column":63}},"676":{"start":{"line":677,"column":0},"end":{"line":677,"column":23}},"677":{"start":{"line":678,"column":0},"end":{"line":678,"column":27}},"678":{"start":{"line":679,"column":0},"end":{"line":679,"column":25}},"679":{"start":{"line":680,"column":0},"end":{"line":680,"column":28}},"680":{"start":{"line":681,"column":0},"end":{"line":681,"column":6}},"681":{"start":{"line":682,"column":0},"end":{"line":682,"column":39}},"682":{"start":{"line":683,"column":0},"end":{"line":683,"column":57}},"683":{"start":{"line":684,"column":0},"end":{"line":684,"column":47}},"684":{"start":{"line":685,"column":0},"end":{"line":685,"column":41}},"685":{"start":{"line":686,"column":0},"end":{"line":686,"column":12}},"686":{"start":{"line":687,"column":0},"end":{"line":687,"column":58}},"687":{"start":{"line":688,"column":0},"end":{"line":688,"column":5}},"689":{"start":{"line":690,"column":0},"end":{"line":690,"column":30}},"691":{"start":{"line":692,"column":0},"end":{"line":692,"column":28}},"692":{"start":{"line":693,"column":0},"end":{"line":693,"column":57}},"694":{"start":{"line":695,"column":0},"end":{"line":695,"column":59}},"695":{"start":{"line":696,"column":0},"end":{"line":696,"column":28}},"696":{"start":{"line":697,"column":0},"end":{"line":697,"column":60}},"697":{"start":{"line":698,"column":0},"end":{"line":698,"column":58}},"699":{"start":{"line":700,"column":0},"end":{"line":700,"column":19}},"700":{"start":{"line":701,"column":0},"end":{"line":701,"column":27}},"701":{"start":{"line":702,"column":0},"end":{"line":702,"column":25}},"702":{"start":{"line":703,"column":0},"end":{"line":703,"column":28}},"703":{"start":{"line":704,"column":0},"end":{"line":704,"column":6}},"704":{"start":{"line":705,"column":0},"end":{"line":705,"column":39}},"705":{"start":{"line":706,"column":0},"end":{"line":706,"column":57}},"706":{"start":{"line":707,"column":0},"end":{"line":707,"column":47}},"707":{"start":{"line":708,"column":0},"end":{"line":708,"column":40}},"708":{"start":{"line":709,"column":0},"end":{"line":709,"column":12}},"709":{"start":{"line":710,"column":0},"end":{"line":710,"column":58}},"710":{"start":{"line":711,"column":0},"end":{"line":711,"column":5}},"712":{"start":{"line":713,"column":0},"end":{"line":713,"column":28}},"713":{"start":{"line":714,"column":0},"end":{"line":714,"column":57}},"715":{"start":{"line":716,"column":0},"end":{"line":716,"column":46}},"716":{"start":{"line":717,"column":0},"end":{"line":717,"column":1}},"718":{"start":{"line":719,"column":0},"end":{"line":719,"column":3}},"719":{"start":{"line":720,"column":0},"end":{"line":720,"column":70}},"720":{"start":{"line":721,"column":0},"end":{"line":721,"column":3}},"721":{"start":{"line":722,"column":0},"end":{"line":722,"column":54}},"722":{"start":{"line":723,"column":0},"end":{"line":723,"column":54}},"723":{"start":{"line":724,"column":0},"end":{"line":724,"column":55}},"724":{"start":{"line":725,"column":0},"end":{"line":725,"column":65}},"725":{"start":{"line":726,"column":0},"end":{"line":726,"column":101}},"726":{"start":{"line":727,"column":0},"end":{"line":727,"column":51}},"727":{"start":{"line":728,"column":0},"end":{"line":728,"column":65}},"728":{"start":{"line":729,"column":0},"end":{"line":729,"column":53}},"729":{"start":{"line":730,"column":0},"end":{"line":730,"column":3}},"730":{"start":{"line":731,"column":0},"end":{"line":731,"column":105}},"731":{"start":{"line":732,"column":0},"end":{"line":732,"column":72}},"732":{"start":{"line":733,"column":0},"end":{"line":733,"column":28}},"733":{"start":{"line":734,"column":0},"end":{"line":734,"column":110}},"734":{"start":{"line":735,"column":0},"end":{"line":735,"column":20}},"735":{"start":{"line":736,"column":0},"end":{"line":736,"column":5}},"737":{"start":{"line":738,"column":0},"end":{"line":738,"column":71}},"739":{"start":{"line":740,"column":0},"end":{"line":740,"column":44}},"740":{"start":{"line":741,"column":0},"end":{"line":741,"column":17}},"741":{"start":{"line":742,"column":0},"end":{"line":742,"column":23}},"742":{"start":{"line":743,"column":0},"end":{"line":743,"column":19}},"743":{"start":{"line":744,"column":0},"end":{"line":744,"column":20}},"744":{"start":{"line":745,"column":0},"end":{"line":745,"column":22}},"745":{"start":{"line":746,"column":0},"end":{"line":746,"column":7}},"747":{"start":{"line":748,"column":0},"end":{"line":748,"column":47}},"749":{"start":{"line":750,"column":0},"end":{"line":750,"column":27}},"750":{"start":{"line":751,"column":0},"end":{"line":751,"column":55}},"751":{"start":{"line":752,"column":0},"end":{"line":752,"column":87}},"752":{"start":{"line":753,"column":0},"end":{"line":753,"column":5}},"754":{"start":{"line":755,"column":0},"end":{"line":755,"column":44}},"755":{"start":{"line":756,"column":0},"end":{"line":756,"column":17}},"756":{"start":{"line":757,"column":0},"end":{"line":757,"column":23}},"757":{"start":{"line":758,"column":0},"end":{"line":758,"column":19}},"758":{"start":{"line":759,"column":0},"end":{"line":759,"column":33}},"759":{"start":{"line":760,"column":0},"end":{"line":760,"column":22}},"760":{"start":{"line":761,"column":0},"end":{"line":761,"column":7}},"762":{"start":{"line":763,"column":0},"end":{"line":763,"column":22}},"763":{"start":{"line":764,"column":0},"end":{"line":764,"column":38}},"764":{"start":{"line":765,"column":0},"end":{"line":765,"column":56}},"765":{"start":{"line":766,"column":0},"end":{"line":766,"column":62}},"767":{"start":{"line":768,"column":0},"end":{"line":768,"column":38}},"768":{"start":{"line":769,"column":0},"end":{"line":769,"column":53}},"769":{"start":{"line":770,"column":0},"end":{"line":770,"column":62}},"770":{"start":{"line":771,"column":0},"end":{"line":771,"column":5}},"772":{"start":{"line":773,"column":0},"end":{"line":773,"column":82}},"773":{"start":{"line":774,"column":0},"end":{"line":774,"column":82}},"774":{"start":{"line":775,"column":0},"end":{"line":775,"column":28}},"775":{"start":{"line":776,"column":0},"end":{"line":776,"column":27}},"776":{"start":{"line":777,"column":0},"end":{"line":777,"column":83}},"777":{"start":{"line":778,"column":0},"end":{"line":778,"column":12}},"778":{"start":{"line":779,"column":0},"end":{"line":779,"column":85}},"779":{"start":{"line":780,"column":0},"end":{"line":780,"column":5}},"781":{"start":{"line":782,"column":0},"end":{"line":782,"column":29}},"782":{"start":{"line":783,"column":0},"end":{"line":783,"column":39}},"783":{"start":{"line":784,"column":0},"end":{"line":784,"column":100}},"784":{"start":{"line":785,"column":0},"end":{"line":785,"column":5}},"786":{"start":{"line":787,"column":0},"end":{"line":787,"column":22}},"787":{"start":{"line":788,"column":0},"end":{"line":788,"column":31}},"788":{"start":{"line":789,"column":0},"end":{"line":789,"column":32}},"789":{"start":{"line":790,"column":0},"end":{"line":790,"column":32}},"790":{"start":{"line":791,"column":0},"end":{"line":791,"column":32}},"791":{"start":{"line":792,"column":0},"end":{"line":792,"column":32}},"792":{"start":{"line":793,"column":0},"end":{"line":793,"column":33}},"793":{"start":{"line":794,"column":0},"end":{"line":794,"column":113}},"794":{"start":{"line":795,"column":0},"end":{"line":795,"column":23}},"795":{"start":{"line":796,"column":0},"end":{"line":796,"column":25}},"796":{"start":{"line":797,"column":0},"end":{"line":797,"column":38}},"797":{"start":{"line":798,"column":0},"end":{"line":798,"column":42}},"798":{"start":{"line":799,"column":0},"end":{"line":799,"column":43}},"799":{"start":{"line":800,"column":0},"end":{"line":800,"column":43}},"800":{"start":{"line":801,"column":0},"end":{"line":801,"column":43}},"801":{"start":{"line":802,"column":0},"end":{"line":802,"column":38}},"802":{"start":{"line":803,"column":0},"end":{"line":803,"column":51}},"803":{"start":{"line":804,"column":0},"end":{"line":804,"column":70}},"804":{"start":{"line":805,"column":0},"end":{"line":805,"column":32}},"805":{"start":{"line":806,"column":0},"end":{"line":806,"column":84}},"806":{"start":{"line":807,"column":0},"end":{"line":807,"column":83}},"807":{"start":{"line":808,"column":0},"end":{"line":808,"column":20}},"808":{"start":{"line":809,"column":0},"end":{"line":809,"column":26}},"809":{"start":{"line":810,"column":0},"end":{"line":810,"column":38}},"810":{"start":{"line":811,"column":0},"end":{"line":811,"column":58}},"811":{"start":{"line":812,"column":0},"end":{"line":812,"column":56}},"812":{"start":{"line":813,"column":0},"end":{"line":813,"column":58}},"813":{"start":{"line":814,"column":0},"end":{"line":814,"column":56}},"814":{"start":{"line":815,"column":0},"end":{"line":815,"column":45}},"815":{"start":{"line":816,"column":0},"end":{"line":816,"column":44}},"816":{"start":{"line":817,"column":0},"end":{"line":817,"column":6}},"818":{"start":{"line":819,"column":0},"end":{"line":819,"column":76}},"820":{"start":{"line":821,"column":0},"end":{"line":821,"column":62}},"822":{"start":{"line":823,"column":0},"end":{"line":823,"column":23}},"823":{"start":{"line":824,"column":0},"end":{"line":824,"column":27}},"824":{"start":{"line":825,"column":0},"end":{"line":825,"column":25}},"825":{"start":{"line":826,"column":0},"end":{"line":826,"column":28}},"826":{"start":{"line":827,"column":0},"end":{"line":827,"column":6}},"827":{"start":{"line":828,"column":0},"end":{"line":828,"column":39}},"828":{"start":{"line":829,"column":0},"end":{"line":829,"column":57}},"829":{"start":{"line":830,"column":0},"end":{"line":830,"column":47}},"830":{"start":{"line":831,"column":0},"end":{"line":831,"column":41}},"831":{"start":{"line":832,"column":0},"end":{"line":832,"column":12}},"832":{"start":{"line":833,"column":0},"end":{"line":833,"column":58}},"833":{"start":{"line":834,"column":0},"end":{"line":834,"column":5}},"835":{"start":{"line":836,"column":0},"end":{"line":836,"column":30}},"837":{"start":{"line":838,"column":0},"end":{"line":838,"column":28}},"838":{"start":{"line":839,"column":0},"end":{"line":839,"column":57}},"839":{"start":{"line":840,"column":0},"end":{"line":840,"column":83}},"840":{"start":{"line":841,"column":0},"end":{"line":841,"column":100}},"841":{"start":{"line":842,"column":0},"end":{"line":842,"column":5}},"843":{"start":{"line":844,"column":0},"end":{"line":844,"column":20}},"844":{"start":{"line":845,"column":0},"end":{"line":845,"column":1}},"846":{"start":{"line":847,"column":0},"end":{"line":847,"column":3}},"847":{"start":{"line":848,"column":0},"end":{"line":848,"column":70}},"848":{"start":{"line":849,"column":0},"end":{"line":849,"column":3}},"849":{"start":{"line":850,"column":0},"end":{"line":850,"column":54}},"850":{"start":{"line":851,"column":0},"end":{"line":851,"column":54}},"851":{"start":{"line":852,"column":0},"end":{"line":852,"column":55}},"852":{"start":{"line":853,"column":0},"end":{"line":853,"column":65}},"853":{"start":{"line":854,"column":0},"end":{"line":854,"column":101}},"854":{"start":{"line":855,"column":0},"end":{"line":855,"column":51}},"855":{"start":{"line":856,"column":0},"end":{"line":856,"column":65}},"856":{"start":{"line":857,"column":0},"end":{"line":857,"column":53}},"857":{"start":{"line":858,"column":0},"end":{"line":858,"column":3}},"858":{"start":{"line":859,"column":0},"end":{"line":859,"column":105}},"859":{"start":{"line":860,"column":0},"end":{"line":860,"column":72}},"860":{"start":{"line":861,"column":0},"end":{"line":861,"column":28}},"861":{"start":{"line":862,"column":0},"end":{"line":862,"column":110}},"862":{"start":{"line":863,"column":0},"end":{"line":863,"column":20}},"863":{"start":{"line":864,"column":0},"end":{"line":864,"column":5}},"865":{"start":{"line":866,"column":0},"end":{"line":866,"column":71}},"867":{"start":{"line":868,"column":0},"end":{"line":868,"column":44}},"868":{"start":{"line":869,"column":0},"end":{"line":869,"column":17}},"869":{"start":{"line":870,"column":0},"end":{"line":870,"column":23}},"870":{"start":{"line":871,"column":0},"end":{"line":871,"column":19}},"871":{"start":{"line":872,"column":0},"end":{"line":872,"column":20}},"872":{"start":{"line":873,"column":0},"end":{"line":873,"column":22}},"873":{"start":{"line":874,"column":0},"end":{"line":874,"column":7}},"875":{"start":{"line":876,"column":0},"end":{"line":876,"column":22}},"877":{"start":{"line":878,"column":0},"end":{"line":878,"column":88}},"878":{"start":{"line":879,"column":0},"end":{"line":879,"column":49}},"879":{"start":{"line":880,"column":0},"end":{"line":880,"column":62}},"880":{"start":{"line":881,"column":0},"end":{"line":881,"column":107}},"882":{"start":{"line":883,"column":0},"end":{"line":883,"column":25}},"883":{"start":{"line":884,"column":0},"end":{"line":884,"column":90}},"884":{"start":{"line":885,"column":0},"end":{"line":885,"column":95}},"885":{"start":{"line":886,"column":0},"end":{"line":886,"column":88}},"886":{"start":{"line":887,"column":0},"end":{"line":887,"column":29}},"887":{"start":{"line":888,"column":0},"end":{"line":888,"column":90}},"888":{"start":{"line":889,"column":0},"end":{"line":889,"column":130}},"889":{"start":{"line":890,"column":0},"end":{"line":890,"column":4}},"890":{"start":{"line":891,"column":0},"end":{"line":891,"column":34}},"891":{"start":{"line":892,"column":0},"end":{"line":892,"column":34}},"892":{"start":{"line":893,"column":0},"end":{"line":893,"column":183}},"893":{"start":{"line":894,"column":0},"end":{"line":894,"column":28}},"894":{"start":{"line":895,"column":0},"end":{"line":895,"column":20}},"895":{"start":{"line":896,"column":0},"end":{"line":896,"column":42}},"896":{"start":{"line":897,"column":0},"end":{"line":897,"column":136}},"897":{"start":{"line":898,"column":0},"end":{"line":898,"column":13}},"898":{"start":{"line":899,"column":0},"end":{"line":899,"column":16}},"899":{"start":{"line":900,"column":0},"end":{"line":900,"column":169}},"900":{"start":{"line":901,"column":0},"end":{"line":901,"column":9}},"901":{"start":{"line":902,"column":0},"end":{"line":902,"column":12}},"902":{"start":{"line":903,"column":0},"end":{"line":903,"column":89}},"903":{"start":{"line":904,"column":0},"end":{"line":904,"column":5}},"905":{"start":{"line":906,"column":0},"end":{"line":906,"column":64}},"906":{"start":{"line":907,"column":0},"end":{"line":907,"column":50}},"907":{"start":{"line":908,"column":0},"end":{"line":908,"column":45}},"908":{"start":{"line":909,"column":0},"end":{"line":909,"column":21}},"909":{"start":{"line":910,"column":0},"end":{"line":910,"column":29}},"910":{"start":{"line":911,"column":0},"end":{"line":911,"column":23}},"911":{"start":{"line":912,"column":0},"end":{"line":912,"column":34}},"912":{"start":{"line":913,"column":0},"end":{"line":913,"column":34}},"913":{"start":{"line":914,"column":0},"end":{"line":914,"column":56}},"914":{"start":{"line":915,"column":0},"end":{"line":915,"column":34}},"915":{"start":{"line":916,"column":0},"end":{"line":916,"column":13}},"916":{"start":{"line":917,"column":0},"end":{"line":917,"column":28}},"917":{"start":{"line":918,"column":0},"end":{"line":918,"column":9}},"918":{"start":{"line":919,"column":0},"end":{"line":919,"column":6}},"919":{"start":{"line":920,"column":0},"end":{"line":920,"column":4}},"920":{"start":{"line":921,"column":0},"end":{"line":921,"column":31}},"921":{"start":{"line":922,"column":0},"end":{"line":922,"column":126}},"922":{"start":{"line":923,"column":0},"end":{"line":923,"column":5}},"923":{"start":{"line":924,"column":0},"end":{"line":924,"column":4}},"924":{"start":{"line":925,"column":0},"end":{"line":925,"column":27}},"925":{"start":{"line":926,"column":0},"end":{"line":926,"column":55}},"926":{"start":{"line":927,"column":0},"end":{"line":927,"column":85}},"927":{"start":{"line":928,"column":0},"end":{"line":928,"column":5}},"929":{"start":{"line":930,"column":0},"end":{"line":930,"column":21}},"930":{"start":{"line":931,"column":0},"end":{"line":931,"column":28}},"931":{"start":{"line":932,"column":0},"end":{"line":932,"column":23}},"932":{"start":{"line":933,"column":0},"end":{"line":933,"column":25}},"933":{"start":{"line":934,"column":0},"end":{"line":934,"column":37}},"934":{"start":{"line":935,"column":0},"end":{"line":935,"column":40}},"935":{"start":{"line":936,"column":0},"end":{"line":936,"column":31}},"936":{"start":{"line":937,"column":0},"end":{"line":937,"column":6}},"937":{"start":{"line":938,"column":0},"end":{"line":938,"column":59}},"939":{"start":{"line":940,"column":0},"end":{"line":940,"column":35}},"941":{"start":{"line":942,"column":0},"end":{"line":942,"column":15}},"942":{"start":{"line":943,"column":0},"end":{"line":943,"column":100}},"943":{"start":{"line":944,"column":0},"end":{"line":944,"column":20}},"944":{"start":{"line":945,"column":0},"end":{"line":945,"column":54}},"945":{"start":{"line":946,"column":0},"end":{"line":946,"column":12}},"946":{"start":{"line":947,"column":0},"end":{"line":947,"column":19}},"947":{"start":{"line":948,"column":0},"end":{"line":948,"column":5}},"949":{"start":{"line":950,"column":0},"end":{"line":950,"column":67}},"950":{"start":{"line":951,"column":0},"end":{"line":951,"column":48}},"951":{"start":{"line":952,"column":0},"end":{"line":952,"column":29}},"952":{"start":{"line":953,"column":0},"end":{"line":953,"column":70}},"953":{"start":{"line":954,"column":0},"end":{"line":954,"column":55}},"954":{"start":{"line":955,"column":0},"end":{"line":955,"column":9}},"955":{"start":{"line":956,"column":0},"end":{"line":956,"column":5}},"957":{"start":{"line":958,"column":0},"end":{"line":958,"column":44}},"958":{"start":{"line":959,"column":0},"end":{"line":959,"column":17}},"959":{"start":{"line":960,"column":0},"end":{"line":960,"column":23}},"960":{"start":{"line":961,"column":0},"end":{"line":961,"column":19}},"961":{"start":{"line":962,"column":0},"end":{"line":962,"column":44}},"962":{"start":{"line":963,"column":0},"end":{"line":963,"column":22}},"963":{"start":{"line":964,"column":0},"end":{"line":964,"column":7}},"965":{"start":{"line":966,"column":0},"end":{"line":966,"column":22}},"966":{"start":{"line":967,"column":0},"end":{"line":967,"column":38}},"967":{"start":{"line":968,"column":0},"end":{"line":968,"column":56}},"968":{"start":{"line":969,"column":0},"end":{"line":969,"column":62}},"970":{"start":{"line":971,"column":0},"end":{"line":971,"column":38}},"971":{"start":{"line":972,"column":0},"end":{"line":972,"column":53}},"972":{"start":{"line":973,"column":0},"end":{"line":973,"column":62}},"973":{"start":{"line":974,"column":0},"end":{"line":974,"column":5}},"975":{"start":{"line":976,"column":0},"end":{"line":976,"column":82}},"976":{"start":{"line":977,"column":0},"end":{"line":977,"column":82}},"978":{"start":{"line":979,"column":0},"end":{"line":979,"column":21}},"979":{"start":{"line":980,"column":0},"end":{"line":980,"column":27}},"980":{"start":{"line":981,"column":0},"end":{"line":981,"column":83}},"981":{"start":{"line":982,"column":0},"end":{"line":982,"column":12}},"982":{"start":{"line":983,"column":0},"end":{"line":983,"column":85}},"983":{"start":{"line":984,"column":0},"end":{"line":984,"column":5}},"985":{"start":{"line":986,"column":0},"end":{"line":986,"column":29}},"986":{"start":{"line":987,"column":0},"end":{"line":987,"column":39}},"987":{"start":{"line":988,"column":0},"end":{"line":988,"column":100}},"988":{"start":{"line":989,"column":0},"end":{"line":989,"column":5}},"990":{"start":{"line":991,"column":0},"end":{"line":991,"column":57}},"991":{"start":{"line":992,"column":0},"end":{"line":992,"column":75}},"992":{"start":{"line":993,"column":0},"end":{"line":993,"column":81}},"993":{"start":{"line":994,"column":0},"end":{"line":994,"column":67}},"995":{"start":{"line":996,"column":0},"end":{"line":996,"column":73}},"996":{"start":{"line":997,"column":0},"end":{"line":997,"column":33}},"998":{"start":{"line":999,"column":0},"end":{"line":999,"column":44}},"999":{"start":{"line":1000,"column":0},"end":{"line":1000,"column":64}},"1000":{"start":{"line":1001,"column":0},"end":{"line":1001,"column":60}},"1001":{"start":{"line":1002,"column":0},"end":{"line":1002,"column":9}},"1003":{"start":{"line":1004,"column":0},"end":{"line":1004,"column":44}},"1004":{"start":{"line":1005,"column":0},"end":{"line":1005,"column":64}},"1005":{"start":{"line":1006,"column":0},"end":{"line":1006,"column":60}},"1006":{"start":{"line":1007,"column":0},"end":{"line":1007,"column":9}},"1007":{"start":{"line":1008,"column":0},"end":{"line":1008,"column":5}},"1009":{"start":{"line":1010,"column":0},"end":{"line":1010,"column":22}},"1010":{"start":{"line":1011,"column":0},"end":{"line":1011,"column":31}},"1011":{"start":{"line":1012,"column":0},"end":{"line":1012,"column":32}},"1012":{"start":{"line":1013,"column":0},"end":{"line":1013,"column":32}},"1013":{"start":{"line":1014,"column":0},"end":{"line":1014,"column":32}},"1014":{"start":{"line":1015,"column":0},"end":{"line":1015,"column":32}},"1015":{"start":{"line":1016,"column":0},"end":{"line":1016,"column":113}},"1016":{"start":{"line":1017,"column":0},"end":{"line":1017,"column":22}},"1017":{"start":{"line":1018,"column":0},"end":{"line":1018,"column":33}},"1018":{"start":{"line":1019,"column":0},"end":{"line":1019,"column":54}},"1019":{"start":{"line":1020,"column":0},"end":{"line":1020,"column":23}},"1020":{"start":{"line":1021,"column":0},"end":{"line":1021,"column":51}},"1021":{"start":{"line":1022,"column":0},"end":{"line":1022,"column":51}},"1022":{"start":{"line":1023,"column":0},"end":{"line":1023,"column":61}},"1023":{"start":{"line":1024,"column":0},"end":{"line":1024,"column":66}},"1024":{"start":{"line":1025,"column":0},"end":{"line":1025,"column":24}},"1025":{"start":{"line":1026,"column":0},"end":{"line":1026,"column":51}},"1026":{"start":{"line":1027,"column":0},"end":{"line":1027,"column":42}},"1027":{"start":{"line":1028,"column":0},"end":{"line":1028,"column":42}},"1028":{"start":{"line":1029,"column":0},"end":{"line":1029,"column":40}},"1029":{"start":{"line":1030,"column":0},"end":{"line":1030,"column":43}},"1030":{"start":{"line":1031,"column":0},"end":{"line":1031,"column":43}},"1031":{"start":{"line":1032,"column":0},"end":{"line":1032,"column":42}},"1032":{"start":{"line":1033,"column":0},"end":{"line":1033,"column":40}},"1033":{"start":{"line":1034,"column":0},"end":{"line":1034,"column":43}},"1034":{"start":{"line":1035,"column":0},"end":{"line":1035,"column":38}},"1035":{"start":{"line":1036,"column":0},"end":{"line":1036,"column":51}},"1036":{"start":{"line":1037,"column":0},"end":{"line":1037,"column":70}},"1037":{"start":{"line":1038,"column":0},"end":{"line":1038,"column":32}},"1038":{"start":{"line":1039,"column":0},"end":{"line":1039,"column":84}},"1039":{"start":{"line":1040,"column":0},"end":{"line":1040,"column":83}},"1040":{"start":{"line":1041,"column":0},"end":{"line":1041,"column":20}},"1041":{"start":{"line":1042,"column":0},"end":{"line":1042,"column":26}},"1042":{"start":{"line":1043,"column":0},"end":{"line":1043,"column":38}},"1043":{"start":{"line":1044,"column":0},"end":{"line":1044,"column":54}},"1044":{"start":{"line":1045,"column":0},"end":{"line":1045,"column":54}},"1045":{"start":{"line":1046,"column":0},"end":{"line":1046,"column":58}},"1046":{"start":{"line":1047,"column":0},"end":{"line":1047,"column":56}},"1047":{"start":{"line":1048,"column":0},"end":{"line":1048,"column":58}},"1048":{"start":{"line":1049,"column":0},"end":{"line":1049,"column":56}},"1049":{"start":{"line":1050,"column":0},"end":{"line":1050,"column":45}},"1050":{"start":{"line":1051,"column":0},"end":{"line":1051,"column":44}},"1051":{"start":{"line":1052,"column":0},"end":{"line":1052,"column":6}},"1053":{"start":{"line":1054,"column":0},"end":{"line":1054,"column":76}},"1055":{"start":{"line":1056,"column":0},"end":{"line":1056,"column":62}},"1057":{"start":{"line":1058,"column":0},"end":{"line":1058,"column":23}},"1058":{"start":{"line":1059,"column":0},"end":{"line":1059,"column":27}},"1059":{"start":{"line":1060,"column":0},"end":{"line":1060,"column":25}},"1060":{"start":{"line":1061,"column":0},"end":{"line":1061,"column":28}},"1061":{"start":{"line":1062,"column":0},"end":{"line":1062,"column":6}},"1062":{"start":{"line":1063,"column":0},"end":{"line":1063,"column":39}},"1063":{"start":{"line":1064,"column":0},"end":{"line":1064,"column":57}},"1064":{"start":{"line":1065,"column":0},"end":{"line":1065,"column":47}},"1065":{"start":{"line":1066,"column":0},"end":{"line":1066,"column":41}},"1066":{"start":{"line":1067,"column":0},"end":{"line":1067,"column":12}},"1067":{"start":{"line":1068,"column":0},"end":{"line":1068,"column":58}},"1068":{"start":{"line":1069,"column":0},"end":{"line":1069,"column":5}},"1070":{"start":{"line":1071,"column":0},"end":{"line":1071,"column":30}},"1072":{"start":{"line":1073,"column":0},"end":{"line":1073,"column":28}},"1073":{"start":{"line":1074,"column":0},"end":{"line":1074,"column":57}},"1074":{"start":{"line":1075,"column":0},"end":{"line":1075,"column":83}},"1075":{"start":{"line":1076,"column":0},"end":{"line":1076,"column":104}},"1076":{"start":{"line":1077,"column":0},"end":{"line":1077,"column":5}},"1078":{"start":{"line":1079,"column":0},"end":{"line":1079,"column":20}},"1079":{"start":{"line":1080,"column":0},"end":{"line":1080,"column":1}},"1081":{"start":{"line":1082,"column":0},"end":{"line":1082,"column":62}},"1082":{"start":{"line":1083,"column":0},"end":{"line":1083,"column":46}},"1083":{"start":{"line":1084,"column":0},"end":{"line":1084,"column":46}},"1085":{"start":{"line":1086,"column":0},"end":{"line":1086,"column":34}},"1086":{"start":{"line":1087,"column":0},"end":{"line":1087,"column":57}},"1087":{"start":{"line":1088,"column":0},"end":{"line":1088,"column":68}},"1088":{"start":{"line":1089,"column":0},"end":{"line":1089,"column":5}},"1090":{"start":{"line":1091,"column":0},"end":{"line":1091,"column":34}},"1091":{"start":{"line":1092,"column":0},"end":{"line":1092,"column":57}},"1092":{"start":{"line":1093,"column":0},"end":{"line":1093,"column":68}},"1093":{"start":{"line":1094,"column":0},"end":{"line":1094,"column":5}},"1095":{"start":{"line":1096,"column":0},"end":{"line":1096,"column":25}},"1096":{"start":{"line":1097,"column":0},"end":{"line":1097,"column":31}},"1097":{"start":{"line":1098,"column":0},"end":{"line":1098,"column":31}},"1099":{"start":{"line":1100,"column":0},"end":{"line":1100,"column":60}},"1100":{"start":{"line":1101,"column":0},"end":{"line":1101,"column":60}},"1102":{"start":{"line":1103,"column":0},"end":{"line":1103,"column":71}},"1103":{"start":{"line":1104,"column":0},"end":{"line":1104,"column":71}},"1105":{"start":{"line":1106,"column":0},"end":{"line":1106,"column":47}},"1106":{"start":{"line":1107,"column":0},"end":{"line":1107,"column":46}},"1107":{"start":{"line":1108,"column":0},"end":{"line":1108,"column":63}},"1108":{"start":{"line":1109,"column":0},"end":{"line":1109,"column":82}},"1109":{"start":{"line":1110,"column":0},"end":{"line":1110,"column":12}},"1110":{"start":{"line":1111,"column":0},"end":{"line":1111,"column":46}},"1111":{"start":{"line":1112,"column":0},"end":{"line":1112,"column":63}},"1112":{"start":{"line":1113,"column":0},"end":{"line":1113,"column":82}},"1113":{"start":{"line":1114,"column":0},"end":{"line":1114,"column":5}},"1115":{"start":{"line":1116,"column":0},"end":{"line":1116,"column":24}},"1117":{"start":{"line":1118,"column":0},"end":{"line":1118,"column":25}},"1118":{"start":{"line":1119,"column":0},"end":{"line":1119,"column":27}},"1119":{"start":{"line":1120,"column":0},"end":{"line":1120,"column":44}},"1120":{"start":{"line":1121,"column":0},"end":{"line":1121,"column":33}},"1121":{"start":{"line":1122,"column":0},"end":{"line":1122,"column":6}},"1123":{"start":{"line":1124,"column":0},"end":{"line":1124,"column":77}},"1125":{"start":{"line":1126,"column":0},"end":{"line":1126,"column":60}},"1127":{"start":{"line":1128,"column":0},"end":{"line":1128,"column":39}},"1128":{"start":{"line":1129,"column":0},"end":{"line":1129,"column":41}},"1129":{"start":{"line":1130,"column":0},"end":{"line":1130,"column":60}},"1130":{"start":{"line":1131,"column":0},"end":{"line":1131,"column":42}},"1131":{"start":{"line":1132,"column":0},"end":{"line":1132,"column":44}},"1132":{"start":{"line":1133,"column":0},"end":{"line":1133,"column":40}},"1133":{"start":{"line":1134,"column":0},"end":{"line":1134,"column":49}},"1135":{"start":{"line":1136,"column":0},"end":{"line":1136,"column":60}},"1137":{"start":{"line":1138,"column":0},"end":{"line":1138,"column":38}},"1138":{"start":{"line":1139,"column":0},"end":{"line":1139,"column":77}},"1139":{"start":{"line":1140,"column":0},"end":{"line":1140,"column":36}},"1141":{"start":{"line":1142,"column":0},"end":{"line":1142,"column":30}},"1143":{"start":{"line":1144,"column":0},"end":{"line":1144,"column":57}},"1145":{"start":{"line":1146,"column":0},"end":{"line":1146,"column":60}},"1147":{"start":{"line":1148,"column":0},"end":{"line":1148,"column":39}},"1148":{"start":{"line":1149,"column":0},"end":{"line":1149,"column":41}},"1149":{"start":{"line":1150,"column":0},"end":{"line":1150,"column":60}},"1150":{"start":{"line":1151,"column":0},"end":{"line":1151,"column":42}},"1151":{"start":{"line":1152,"column":0},"end":{"line":1152,"column":44}},"1152":{"start":{"line":1153,"column":0},"end":{"line":1153,"column":40}},"1153":{"start":{"line":1154,"column":0},"end":{"line":1154,"column":49}},"1155":{"start":{"line":1156,"column":0},"end":{"line":1156,"column":56}},"1157":{"start":{"line":1158,"column":0},"end":{"line":1158,"column":38}},"1158":{"start":{"line":1159,"column":0},"end":{"line":1159,"column":77}},"1159":{"start":{"line":1160,"column":0},"end":{"line":1160,"column":36}},"1161":{"start":{"line":1162,"column":0},"end":{"line":1162,"column":58}},"1163":{"start":{"line":1164,"column":0},"end":{"line":1164,"column":82}},"1164":{"start":{"line":1165,"column":0},"end":{"line":1165,"column":1}},"1167":{"start":{"line":1168,"column":0},"end":{"line":1168,"column":3}},"1168":{"start":{"line":1169,"column":0},"end":{"line":1169,"column":71}},"1169":{"start":{"line":1170,"column":0},"end":{"line":1170,"column":3}},"1170":{"start":{"line":1171,"column":0},"end":{"line":1171,"column":54}},"1171":{"start":{"line":1172,"column":0},"end":{"line":1172,"column":54}},"1172":{"start":{"line":1173,"column":0},"end":{"line":1173,"column":55}},"1173":{"start":{"line":1174,"column":0},"end":{"line":1174,"column":65}},"1174":{"start":{"line":1175,"column":0},"end":{"line":1175,"column":101}},"1175":{"start":{"line":1176,"column":0},"end":{"line":1176,"column":51}},"1176":{"start":{"line":1177,"column":0},"end":{"line":1177,"column":65}},"1177":{"start":{"line":1178,"column":0},"end":{"line":1178,"column":53}},"1178":{"start":{"line":1179,"column":0},"end":{"line":1179,"column":3}},"1179":{"start":{"line":1180,"column":0},"end":{"line":1180,"column":106}},"1180":{"start":{"line":1181,"column":0},"end":{"line":1181,"column":72}},"1181":{"start":{"line":1182,"column":0},"end":{"line":1182,"column":28}},"1182":{"start":{"line":1183,"column":0},"end":{"line":1183,"column":110}},"1183":{"start":{"line":1184,"column":0},"end":{"line":1184,"column":20}},"1184":{"start":{"line":1185,"column":0},"end":{"line":1185,"column":5}},"1186":{"start":{"line":1187,"column":0},"end":{"line":1187,"column":71}},"1188":{"start":{"line":1189,"column":0},"end":{"line":1189,"column":44}},"1189":{"start":{"line":1190,"column":0},"end":{"line":1190,"column":17}},"1190":{"start":{"line":1191,"column":0},"end":{"line":1191,"column":23}},"1191":{"start":{"line":1192,"column":0},"end":{"line":1192,"column":19}},"1192":{"start":{"line":1193,"column":0},"end":{"line":1193,"column":20}},"1193":{"start":{"line":1194,"column":0},"end":{"line":1194,"column":22}},"1194":{"start":{"line":1195,"column":0},"end":{"line":1195,"column":7}},"1196":{"start":{"line":1197,"column":0},"end":{"line":1197,"column":21}},"1198":{"start":{"line":1199,"column":0},"end":{"line":1199,"column":22}},"1199":{"start":{"line":1200,"column":0},"end":{"line":1200,"column":38}},"1200":{"start":{"line":1201,"column":0},"end":{"line":1201,"column":56}},"1201":{"start":{"line":1202,"column":0},"end":{"line":1202,"column":62}},"1202":{"start":{"line":1203,"column":0},"end":{"line":1203,"column":5}},"1204":{"start":{"line":1205,"column":0},"end":{"line":1205,"column":82}},"1205":{"start":{"line":1206,"column":0},"end":{"line":1206,"column":21}},"1206":{"start":{"line":1207,"column":0},"end":{"line":1207,"column":27}},"1207":{"start":{"line":1208,"column":0},"end":{"line":1208,"column":79}},"1208":{"start":{"line":1209,"column":0},"end":{"line":1209,"column":12}},"1209":{"start":{"line":1210,"column":0},"end":{"line":1210,"column":81}},"1210":{"start":{"line":1211,"column":0},"end":{"line":1211,"column":5}},"1212":{"start":{"line":1213,"column":0},"end":{"line":1213,"column":29}},"1213":{"start":{"line":1214,"column":0},"end":{"line":1214,"column":39}},"1214":{"start":{"line":1215,"column":0},"end":{"line":1215,"column":100}},"1215":{"start":{"line":1216,"column":0},"end":{"line":1216,"column":5}},"1217":{"start":{"line":1218,"column":0},"end":{"line":1218,"column":22}},"1218":{"start":{"line":1219,"column":0},"end":{"line":1219,"column":31}},"1219":{"start":{"line":1220,"column":0},"end":{"line":1220,"column":32}},"1220":{"start":{"line":1221,"column":0},"end":{"line":1221,"column":32}},"1221":{"start":{"line":1222,"column":0},"end":{"line":1222,"column":32}},"1222":{"start":{"line":1223,"column":0},"end":{"line":1223,"column":32}},"1223":{"start":{"line":1224,"column":0},"end":{"line":1224,"column":22}},"1224":{"start":{"line":1225,"column":0},"end":{"line":1225,"column":33}},"1225":{"start":{"line":1226,"column":0},"end":{"line":1226,"column":23}},"1226":{"start":{"line":1227,"column":0},"end":{"line":1227,"column":26}},"1227":{"start":{"line":1228,"column":0},"end":{"line":1228,"column":18}},"1228":{"start":{"line":1229,"column":0},"end":{"line":1229,"column":42}},"1229":{"start":{"line":1230,"column":0},"end":{"line":1230,"column":43}},"1230":{"start":{"line":1231,"column":0},"end":{"line":1231,"column":23}},"1231":{"start":{"line":1232,"column":0},"end":{"line":1232,"column":26}},"1232":{"start":{"line":1233,"column":0},"end":{"line":1233,"column":38}},"1233":{"start":{"line":1234,"column":0},"end":{"line":1234,"column":51}},"1234":{"start":{"line":1235,"column":0},"end":{"line":1235,"column":70}},"1235":{"start":{"line":1236,"column":0},"end":{"line":1236,"column":32}},"1236":{"start":{"line":1237,"column":0},"end":{"line":1237,"column":84}},"1237":{"start":{"line":1238,"column":0},"end":{"line":1238,"column":83}},"1238":{"start":{"line":1239,"column":0},"end":{"line":1239,"column":20}},"1239":{"start":{"line":1240,"column":0},"end":{"line":1240,"column":26}},"1240":{"start":{"line":1241,"column":0},"end":{"line":1241,"column":38}},"1241":{"start":{"line":1242,"column":0},"end":{"line":1242,"column":58}},"1242":{"start":{"line":1243,"column":0},"end":{"line":1243,"column":56}},"1243":{"start":{"line":1244,"column":0},"end":{"line":1244,"column":58}},"1244":{"start":{"line":1245,"column":0},"end":{"line":1245,"column":56}},"1245":{"start":{"line":1246,"column":0},"end":{"line":1246,"column":45}},"1246":{"start":{"line":1247,"column":0},"end":{"line":1247,"column":44}},"1247":{"start":{"line":1248,"column":0},"end":{"line":1248,"column":6}},"1249":{"start":{"line":1250,"column":0},"end":{"line":1250,"column":76}},"1251":{"start":{"line":1252,"column":0},"end":{"line":1252,"column":62}},"1253":{"start":{"line":1254,"column":0},"end":{"line":1254,"column":23}},"1254":{"start":{"line":1255,"column":0},"end":{"line":1255,"column":27}},"1255":{"start":{"line":1256,"column":0},"end":{"line":1256,"column":25}},"1256":{"start":{"line":1257,"column":0},"end":{"line":1257,"column":28}},"1257":{"start":{"line":1258,"column":0},"end":{"line":1258,"column":6}},"1258":{"start":{"line":1259,"column":0},"end":{"line":1259,"column":39}},"1259":{"start":{"line":1260,"column":0},"end":{"line":1260,"column":57}},"1260":{"start":{"line":1261,"column":0},"end":{"line":1261,"column":47}},"1261":{"start":{"line":1262,"column":0},"end":{"line":1262,"column":41}},"1262":{"start":{"line":1263,"column":0},"end":{"line":1263,"column":12}},"1263":{"start":{"line":1264,"column":0},"end":{"line":1264,"column":58}},"1264":{"start":{"line":1265,"column":0},"end":{"line":1265,"column":5}},"1266":{"start":{"line":1267,"column":0},"end":{"line":1267,"column":30}},"1268":{"start":{"line":1269,"column":0},"end":{"line":1269,"column":28}},"1269":{"start":{"line":1270,"column":0},"end":{"line":1270,"column":57}},"1271":{"start":{"line":1272,"column":0},"end":{"line":1272,"column":20}},"1272":{"start":{"line":1273,"column":0},"end":{"line":1273,"column":1}},"1274":{"start":{"line":1275,"column":0},"end":{"line":1275,"column":3}},"1275":{"start":{"line":1276,"column":0},"end":{"line":1276,"column":39}},"1276":{"start":{"line":1277,"column":0},"end":{"line":1277,"column":3}},"1277":{"start":{"line":1278,"column":0},"end":{"line":1278,"column":95}},"1278":{"start":{"line":1279,"column":0},"end":{"line":1279,"column":96}},"1279":{"start":{"line":1280,"column":0},"end":{"line":1280,"column":94}},"1280":{"start":{"line":1281,"column":0},"end":{"line":1281,"column":67}},"1281":{"start":{"line":1282,"column":0},"end":{"line":1282,"column":114}},"1282":{"start":{"line":1283,"column":0},"end":{"line":1283,"column":3}},"1283":{"start":{"li
[...]
:7}},"29":{"start":{"line":30,"column":0},"end":{"line":30,"column":2}},"31":{"start":{"line":32,"column":0},"end":{"line":32,"column":21}},"32":{"start":{"line":33,"column":0},"end":{"line":33,"column":21}},"34":{"start":{"line":35,"column":0},"end":{"line":35,"column":16}},"35":{"start":{"line":36,"column":0},"end":{"line":36,"column":19}},"36":{"start":{"line":37,"column":0},"end":{"line":37,"column":37}},"37":{"start":{"line":38,"column":0},"end":{"line":38,"column":58}},"38":{"start":{"line":39,"column":0},"end":{"line":39,"column":6}},"39":{"start":{"line":40,"column":0},"end":{"line":40,"column":30}},"40":{"start":{"line":41,"column":0},"end":{"line":41,"column":34}},"41":{"start":{"line":42,"column":0},"end":{"line":42,"column":6}},"42":{"start":{"line":43,"column":0},"end":{"line":43,"column":3}},"44":{"start":{"line":45,"column":0},"end":{"line":45,"column":30}},"45":{"start":{"line":46,"column":0},"end":{"line":46,"column":35}},"46":{"start":{"line":47,"column":0},"end":{"line":47,"column":37}},"47":{"start":{"line":48,"column":0},"end":{"line":48,"column":66}},"48":{"start":{"line":49,"column":0},"end":{"line":49,"column":54}},"49":{"start":{"line":50,"column":0},"end":{"line":50,"column":56}},"51":{"start":{"line":52,"column":0},"end":{"line":52,"column":17}},"52":{"start":{"line":53,"column":0},"end":{"line":53,"column":19}},"53":{"start":{"line":54,"column":0},"end":{"line":54,"column":43}},"54":{"start":{"line":55,"column":0},"end":{"line":55,"column":14}},"55":{"start":{"line":56,"column":0},"end":{"line":56,"column":17}},"56":{"start":{"line":57,"column":0},"end":{"line":57,"column":46}},"57":{"start":{"line":58,"column":0},"end":{"line":58,"column":14}},"58":{"start":{"line":59,"column":0},"end":{"line":59,"column":16}},"59":{"start":{"line":60,"column":0},"end":{"line":60,"column":34}},"60":{"start":{"line":61,"column":0},"end":{"line":61,"column":14}},"61":{"start":{"line":62,"column":0},"end":{"line":62,"column":18}},"62":{"start":{"line":63,"column":0},"end":{"line":63,"column":48}},"63":{"start":{"line":64,"column":0},"end":{"line":64,"column":14}},"64":{"start":{"line":65,"column":0},"end":{"line":65,"column":12}},"65":{"start":{"line":66,"column":0},"end":{"line":66,"column":22}},"66":{"start":{"line":67,"column":0},"end":{"line":67,"column":99}},"67":{"start":{"line":68,"column":0},"end":{"line":68,"column":10}},"68":{"start":{"line":69,"column":0},"end":{"line":69,"column":24}},"69":{"start":{"line":70,"column":0},"end":{"line":70,"column":1}},"71":{"start":{"line":72,"column":0},"end":{"line":72,"column":47}},"72":{"start":{"line":73,"column":0},"end":{"line":73,"column":47}},"73":{"start":{"line":74,"column":0},"end":{"line":74,"column":47}},"75":{"start":{"line":76,"column":0},"end":{"line":76,"column":3}},"76":{"start":{"line":77,"column":0},"end":{"line":77,"column":65}},"77":{"start":{"line":78,"column":0},"end":{"line":78,"column":53}},"78":{"start":{"line":79,"column":0},"end":{"line":79,"column":62}},"79":{"start":{"line":80,"column":0},"end":{"line":80,"column":3}},"80":{"start":{"line":81,"column":0},"end":{"line":81,"column":47}},"81":{"start":{"line":82,"column":0},"end":{"line":82,"column":38}},"82":{"start":{"line":83,"column":0},"end":{"line":83,"column":52}},"83":{"start":{"line":84,"column":0},"end":{"line":84,"column":6}},"85":{"start":{"line":86,"column":0},"end":{"line":86,"column":35}},"86":{"start":{"line":87,"column":0},"end":{"line":87,"column":69}},"87":{"start":{"line":88,"column":0},"end":{"line":88,"column":60}},"89":{"start":{"line":90,"column":0},"end":{"line":90,"column":37}},"90":{"start":{"line":91,"column":0},"end":{"line":91,"column":21}},"91":{"start":{"line":92,"column":0},"end":{"line":92,"column":90}},"92":{"start":{"line":93,"column":0},"end":{"line":93,"column":14}},"93":{"start":{"line":94,"column":0},"end":{"line":94,"column":21}},"94":{"start":{"line":95,"column":0},"end":{"line":95,"column":9}},"96":{"start":{"line":97,"column":0},"end":{"line":97,"column":51}},"97":{"start":{"line":98,"column":0},"end":{"line":98,"column":52}},"99":{"start":{"line":100,"column":0},"end":{"line":100,"column":24}},"100":{"start":{"line":101,"column":0},"end":{"line":101,"column":32}},"101":{"start":{"line":102,"column":0},"end":{"line":102,"column":48}},"102":{"start":{"line":103,"column":0},"end":{"line":103,"column":35}},"103":{"start":{"line":104,"column":0},"end":{"line":104,"column":79}},"104":{"start":{"line":105,"column":0},"end":{"line":105,"column":9}},"105":{"start":{"line":106,"column":0},"end":{"line":106,"column":5}},"106":{"start":{"line":107,"column":0},"end":{"line":107,"column":43}},"107":{"start":{"line":108,"column":0},"end":{"line":108,"column":1}},"109":{"start":{"line":110,"column":0},"end":{"line":110,"column":47}},"110":{"start":{"line":111,"column":0},"end":{"line":111,"column":47}},"111":{"start":{"line":112,"column":0},"end":{"line":112,"column":47}},"113":{"start":{"line":114,"column":0},"end":{"line":114,"column":3}},"114":{"start":{"line":115,"column":0},"end":{"line":115,"column":68}},"115":{"start":{"line":116,"column":0},"end":{"line":116,"column":83}},"116":{"start":{"line":117,"column":0},"end":{"line":117,"column":31}},"117":{"start":{"line":118,"column":0},"end":{"line":118,"column":91}},"118":{"start":{"line":119,"column":0},"end":{"line":119,"column":86}},"119":{"start":{"line":120,"column":0},"end":{"line":120,"column":3}},"120":{"start":{"line":121,"column":0},"end":{"line":121,"column":77}},"121":{"start":{"line":122,"column":0},"end":{"line":122,"column":64}},"122":{"start":{"line":123,"column":0},"end":{"line":123,"column":24}},"123":{"start":{"line":124,"column":0},"end":{"line":124,"column":45}},"124":{"start":{"line":125,"column":0},"end":{"line":125,"column":42}},"125":{"start":{"line":126,"column":0},"end":{"line":126,"column":5}},"126":{"start":{"line":127,"column":0},"end":{"line":127,"column":36}},"127":{"start":{"line":128,"column":0},"end":{"line":128,"column":36}},"128":{"start":{"line":129,"column":0},"end":{"line":129,"column":36}},"129":{"start":{"line":130,"column":0},"end":{"line":130,"column":56}},"131":{"start":{"line":132,"column":0},"end":{"line":132,"column":36}},"132":{"start":{"line":133,"column":0},"end":{"line":133,"column":37}},"133":{"start":{"line":134,"column":0},"end":{"line":134,"column":61}},"134":{"start":{"line":135,"column":0},"end":{"line":135,"column":71}},"135":{"start":{"line":136,"column":0},"end":{"line":136,"column":7}},"137":{"start":{"line":138,"column":0},"end":{"line":138,"column":21}},"138":{"start":{"line":139,"column":0},"end":{"line":139,"column":35}},"139":{"start":{"line":140,"column":0},"end":{"line":140,"column":56}},"140":{"start":{"line":141,"column":0},"end":{"line":141,"column":10}},"141":{"start":{"line":142,"column":0},"end":{"line":142,"column":19}},"142":{"start":{"line":143,"column":0},"end":{"line":143,"column":79}},"143":{"start":{"line":144,"column":0},"end":{"line":144,"column":19}},"144":{"start":{"line":145,"column":0},"end":{"line":145,"column":72}},"145":{"start":{"line":146,"column":0},"end":{"line":146,"column":33}},"146":{"start":{"line":147,"column":0},"end":{"line":147,"column":71}},"147":{"start":{"line":148,"column":0},"end":{"line":148,"column":31}},"148":{"start":{"line":149,"column":0},"end":{"line":149,"column":67}},"149":{"start":{"line":150,"column":0},"end":{"line":150,"column":35}},"150":{"start":{"line":151,"column":0},"end":{"line":151,"column":75}},"151":{"start":{"line":152,"column":0},"end":{"line":152,"column":79}},"152":{"start":{"line":153,"column":0},"end":{"line":153,"column":57}},"153":{"start":{"line":154,"column":0},"end":{"line":154,"column":54}},"154":{"start":{"line":155,"column":0},"end":{"line":155,"column":1}},"156":{"start":{"line":157,"column":0},"end":{"line":157,"column":3}},"157":{"start":{"line":158,"column":0},"end":{"line":158,"column":65}},"158":{"start":{"line":159,"column":0},"end":{"line":159,"column":49}},"159":{"start":{"line":160,"column":0},"end":{"line":160,"column":43}},"160":{"start":{"line":161,"column":0},"end":{"line":161,"column":3}},"161":{"start":{"line":162,"column":0},"end":{"line":162,"column":27}},"162":{"start":{"line":163,"column":0},"end":{"line":163,"column":14}},"163":{"start":{"line":164,"column":0},"end":{"line":164,"column":32}},"164":{"start":{"line":165,"column":0},"end":{"line":165,"column":41}},"165":{"start":{"line":166,"column":0},"end":{"line":166,"column":42}},"166":{"start":{"line":167,"column":0},"end":{"line":167,"column":1}},"168":{"start":{"line":169,"column":0},"end":{"line":169,"column":3}},"169":{"start":{"line":170,"column":0},"end":{"line":170,"column":40}},"170":{"start":{"line":171,"column":0},"end":{"line":171,"column":54}},"171":{"start":{"line":172,"column":0},"end":{"line":172,"column":66}},"172":{"start":{"line":173,"column":0},"end":{"line":173,"column":3}},"173":{"start":{"line":174,"column":0},"end":{"line":174,"column":48}},"174":{"start":{"line":175,"column":0},"end":{"line":175,"column":41}},"176":{"start":{"line":177,"column":0},"end":{"line":177,"column":22}},"177":{"start":{"line":178,"column":0},"end":{"line":178,"column":56}},"178":{"start":{"line":179,"column":0},"end":{"line":179,"column":16}},"179":{"start":{"line":180,"column":0},"end":{"line":180,"column":21}},"180":{"start":{"line":181,"column":0},"end":{"line":181,"column":76}},"181":{"start":{"line":182,"column":0},"end":{"line":182,"column":10}},"183":{"start":{"line":184,"column":0},"end":{"line":184,"column":45}},"184":{"start":{"line":185,"column":0},"end":{"line":185,"column":80}},"185":{"start":{"line":186,"column":0},"end":{"line":186,"column":40}},"186":{"start":{"line":187,"column":0},"end":{"line":187,"column":67}},"187":{"start":{"line":188,"column":0},"end":{"line":188,"column":70}},"188":{"start":{"line":189,"column":0},"end":{"line":189,"column":9}},"189":{"start":{"line":190,"column":0},"end":{"line":190,"column":5}},"191":{"start":{"line":192,"column":0},"end":{"line":192,"column":35}},"192":{"start":{"line":193,"column":0},"end":{"line":193,"column":49}},"193":{"start":{"line":194,"column":0},"end":{"line":194,"column":78}},"194":{"start":{"line":195,"column":0},"end":{"line":195,"column":79}},"195":{"start":{"line":196,"column":0},"end":{"line":196,"column":77}},"196":{"start":{"line":197,"column":0},"end":{"line":197,"column":42}},"197":{"start":{"line":198,"column":0},"end":{"line":198,"column":25}},"198":{"start":{"line":199,"column":0},"end":{"line":199,"column":85}},"199":{"start":{"line":200,"column":0},"end":{"line":200,"column":18}},"200":{"start":{"line":201,"column":0},"end":{"line":201,"column":25}},"201":{"start":{"line":202,"column":0},"end":{"line":202,"column":13}},"202":{"start":{"line":203,"column":0},"end":{"line":203,"column":33}},"203":{"start":{"line":204,"column":0},"end":{"line":204,"column":44}},"204":{"start":{"line":205,"column":0},"end":{"line":205,"column":66}},"205":{"start":{"line":206,"column":0},"end":{"line":206,"column":28}},"206":{"start":{"line":207,"column":0},"end":{"line":207,"column":15}},"207":{"start":{"line":208,"column":0},"end":{"line":208,"column":9}},"208":{"start":{"line":209,"column":0},"end":{"line":209,"column":5}},"209":{"start":{"line":210,"column":0},"end":{"line":210,"column":1}},"211":{"start":{"line":212,"column":0},"end":{"line":212,"column":47}},"212":{"start":{"line":213,"column":0},"end":{"line":213,"column":47}},"213":{"start":{"line":214,"column":0},"end":{"line":214,"column":47}},"215":{"start":{"line":216,"column":0},"end":{"line":216,"column":36}},"216":{"start":{"line":217,"column":0},"end":{"line":217,"column":79}},"218":{"start":{"line":219,"column":0},"end":{"line":219,"column":35}},"219":{"start":{"line":220,"column":0},"end":{"line":220,"column":56}},"220":{"start":{"line":221,"column":0},"end":{"line":221,"column":58}},"221":{"start":{"line":222,"column":0},"end":{"line":222,"column":34}},"222":{"start":{"line":223,"column":0},"end":{"line":223,"column":21}},"223":{"start":{"line":224,"column":0},"end":{"line":224,"column":79}},"224":{"start":{"line":225,"column":0},"end":{"line":225,"column":14}},"225":{"start":{"line":226,"column":0},"end":{"line":226,"column":21}},"226":{"start":{"line":227,"column":0},"end":{"line":227,"column":9}},"227":{"start":{"line":228,"column":0},"end":{"line":228,"column":50}},"228":{"start":{"line":229,"column":0},"end":{"line":229,"column":38}},"229":{"start":{"line":230,"column":0},"end":{"line":230,"column":28}},"230":{"start":{"line":231,"column":0},"end":{"line":231,"column":23}},"231":{"start":{"line":232,"column":0},"end":{"line":232,"column":43}},"232":{"start":{"line":233,"column":0},"end":{"line":233,"column":11}},"233":{"start":{"line":234,"column":0},"end":{"line":234,"column":5}},"234":{"start":{"line":235,"column":0},"end":{"line":235,"column":1}},"236":{"start":{"line":237,"column":0},"end":{"line":237,"column":47}},"237":{"start":{"line":238,"column":0},"end":{"line":238,"column":47}},"238":{"start":{"line":239,"column":0},"end":{"line":239,"column":47}},"240":{"start":{"line":241,"column":0},"end":{"line":241,"column":50}},"241":{"start":{"line":242,"column":0},"end":{"line":242,"column":41}},"243":{"start":{"line":244,"column":0},"end":{"line":244,"column":79}},"245":{"start":{"line":246,"column":0},"end":{"line":246,"column":35}},"246":{"start":{"line":247,"column":0},"end":{"line":247,"column":57}},"247":{"start":{"line":248,"column":0},"end":{"line":248,"column":57}},"248":{"start":{"line":249,"column":0},"end":{"line":249,"column":53}},"250":{"start":{"line":251,"column":0},"end":{"line":251,"column":27}},"251":{"start":{"line":252,"column":0},"end":{"line":252,"column":38}},"252":{"start":{"line":253,"column":0},"end":{"line":253,"column":23}},"253":{"start":{"line":254,"column":0},"end":{"line":254,"column":36}},"254":{"start":{"line":255,"column":0},"end":{"line":255,"column":50}},"255":{"start":{"line":256,"column":0},"end":{"line":256,"column":38}},"256":{"start":{"line":257,"column":0},"end":{"line":257,"column":46}},"257":{"start":{"line":258,"column":0},"end":{"line":258,"column":41}},"258":{"start":{"line":259,"column":0},"end":{"line":259,"column":22}},"259":{"start":{"line":260,"column":0},"end":{"line":260,"column":29}},"260":{"start":{"line":261,"column":0},"end":{"line":261,"column":14}},"261":{"start":{"line":262,"column":0},"end":{"line":262,"column":11}},"262":{"start":{"line":263,"column":0},"end":{"line":263,"column":61}},"263":{"start":{"line":264,"column":0},"end":{"line":264,"column":54}},"264":{"start":{"line":265,"column":0},"end":{"line":265,"column":36}},"265":{"start":{"line":266,"column":0},"end":{"line":266,"column":28}},"266":{"start":{"line":267,"column":0},"end":{"line":267,"column":64}},"267":{"start":{"line":268,"column":0},"end":{"line":268,"column":55}},"268":{"start":{"line":269,"column":0},"end":{"line":269,"column":13}},"269":{"start":{"line":270,"column":0},"end":{"line":270,"column":10}},"270":{"start":{"line":271,"column":0},"end":{"line":271,"column":79}},"272":{"start":{"line":273,"column":0},"end":{"line":273,"column":38}},"273":{"start":{"line":274,"column":0},"end":{"line":274,"column":22}},"274":{"start":{"line":275,"column":0},"end":{"line":275,"column":40}},"275":{"start":{"line":276,"column":0},"end":{"line":276,"column":72}},"276":{"start":{"line":277,"column":0},"end":{"line":277,"column":33}},"277":{"start":{"line":278,"column":0},"end":{"line":278,"column":38}},"278":{"start":{"line":279,"column":0},"end":{"line":279,"column":14}},"279":{"start":{"line":280,"column":0},"end":{"line":280,"column":39}},"280":{"start":{"line":281,"column":0},"end":{"line":281,"column":41}},"281":{"start":{"line":282,"column":0},"end":{"line":282,"column":37}},"282":{"start":{"line":283,"column":0},"end":{"line":283,"column":34}},"283":{"start":{"line":284,"column":0},"end":{"line":284,"column":48}},"284":{"start":{"line":285,"column":0},"end":{"line":285,"column":32}},"285":{"start":{"line":286,"column":0},"end":{"line":286,"column":22}},"286":{"start":{"line":287,"column":0},"end":{"line":287,"column":55}},"287":{"start":{"line":288,"column":0},"end":{"line":288,"column":53}},"288":{"start":{"line":289,"column":0},"end":{"line":289,"column":75}},"289":{"start":{"line":290,"column":0},"end":{"line":290,"column":14}},"290":{"start":{"line":291,"column":0},"end":{"line":291,"column":11}},"291":{"start":{"line":292,"column":0},"end":{"line":292,"column":5}},"292":{"start":{"line":293,"column":0},"end":{"line":293,"column":1}},"294":{"start":{"line":295,"column":0},"end":{"line":295,"column":3}},"295":{"start":{"line":296,"column":0},"end":{"line":296,"column":27}},"296":{"start":{"line":297,"column":0},"end":{"line":297,"column":23}},"297":{"start":{"line":298,"column":0},"end":{"line":298,"column":20}},"298":{"start":{"line":299,"column":0},"end":{"line":299,"column":3}},"299":{"start":{"line":300,"column":0},"end":{"line":300,"column":24}},"300":{"start":{"line":301,"column":0},"end":{"line":301,"column":15}},"301":{"start":{"line":302,"column":0},"end":{"line":302,"column":22}},"302":{"start":{"line":303,"column":0},"end":{"line":303,"column":25}},"303":{"start":{"line":304,"column":0},"end":{"line":304,"column":37}},"304":{"start":{"line":305,"column":0},"end":{"line":305,"column":15}},"305":{"start":{"line":306,"column":0},"end":{"line":306,"column":36}},"306":{"start":{"line":307,"column":0},"end":{"line":307,"column":1}}},"s":{"0":0,"1":0,"2":0,"3":0,"4":0,"5":0,"7":0,"8":0,"9":0,"10":0,"11":0,"12":0,"14":0,"15":0,"16":0,"17":0,"18":0,"19":0,"20":0,"22":0,"24":0,"25":0,"26":0,"27":0,"28":0,"29":0,"31":0,"32":0,"34":0,"35":0,"36":0,"37":0,"38":0,"39":0,"40":0,"41":0,"42":0,"44":0,"45":0,"46":0,"47":0,"48":0,"49":0,"51":0,"52":0,"53":0,"54":0,"55":0,"56":0,"57":0,"58":0,"59":0,"60":0,"61":0,"62":0,"63":0,"64":0,"65":0,"66":0,"67":0,"68":0,"69":0,"71":0,"72":0,"73":0,"75":0,"76":0,"77":0,"78":0,"79":0,"80":0,"81":0,"82":0,"83":0,"85":0,"86":0,"87":0,"89":0,"90":0,"91":0,"92":0,"93":0,"94":0,"96":0,"97":0,"99":0,"100":0,"101":0,"102":0,"103":0,"104":0,"105":0,"106":0,"107":0,"109":0,"110":0,"111":0,"113":0,"114":0,"115":0,"116":0,"117":0,"118":0,"119":0,"120":0,"121":0,"122":0,"123":0,"124":0,"125":0,"126":0,"127":0,"128":0,"129":0,"131":0,"132":0,"133":0,"134":0,"135":0,"137":0,"138":0,"139":0,"140":0,"141":0,"142":0,"143":0,"144":0,"145":0,"146":0,"147":0,"148":0,"149":0,"150":0,"151":0,"152":0,"153":0,"154":0,"156":0,"157":0,"158":0,"159":0,"160":0,"161":0,"162":0,"163":0,"164":0,"165":0,"166":0,"168":0,"169":0,"170":0,"171":0,"172":0,"173":0,"174":0,"176":0,"177":0,"178":0,"179":0,"180":0,"181":0,"183":0,"184":0,"185":0,"186":0,"187":0,"188":0,"189":0,"191":0,"192":0,"193":0,"194":0,"195":0,"196":0,"197":0,"198":0,"199":0,"200":0,"201":0,"202":0,"203":0,"204":0,"205":0,"206":0,"207":0,"208":0,"209":0,"211":0,"212":0,"213":0,"215":0,"216":0,"218":0,"219":0,"220":0,"221":0,"222":0,"223":0,"224":0,"225":0,"226":0,"227":0,"228":0,"229":0,"230":0,"231":0,"232":0,"233":0,"234":0,"236":0,"237":0,"238":0,"240":0,"241":0,"243":0,"245":0,"246":0,"247":0,"248":0,"250":0,"251":0,"252":0,"253":0,"254":0,"255":0,"256":0,"257":0,"258":0,"259":0,"260":0,"261":0,"262":0,"263":0,"264":0,"265":0,"266":0,"267":0,"268":0,"269":0,"270":0,"272":0,"273":0,"274":0,"275":0,"276":0,"277":0,"278":0,"279":0,"280":0,"281":0,"282":0,"283":0,"284":0,"285":0,"286":0,"287":0,"288":0,"289":0,"290":0,"291":0,"292":0,"294":0,"295":0,"296":0,"297":0,"298":0,"299":0,"300":0,"301":0,"302":0,"303":0,"304":0,"305":0,"306":0},"branchMap":{"0":{"type":"branch","line":1,"loc":{"start":{"line":1,"column":171},"end":{"line":307,"column":-1483}},"locations":[{"start":{"line":1,"column":171},"end":{"line":307,"column":-1483}}]}},"b":{"0":[0]},"fnMap":{"0":{"name":"(empty-report)","decl":{"start":{"line":1,"column":171},"end":{"line":307,"column":-1483}},"loc":{"start":{"line":1,"column":171},"end":{"line":307,"column":-1483}},"line":1}},"f":{"0":0}}
}
